[2026-01-11 00:16:29] 作品情報取得 | 取得処理開始
[2026-01-11 00:16:29] 作品情報取得 | 取得処理終了
[2026-01-11 00:16:29] ユーザー権限取得 | 取得処理開始 | ユーザーID : Ejimasyot@09
[2026-01-11 00:16:30] ユーザー権限取得 | 取得処理終了 | ユーザーID : Ejimasyot@09
[2026-01-11 00:16:31] チーム設定 | 一覧取得処理開始 | ユーザーID : Ejimasyot@09
[2026-01-11 00:16:31] チーム設定 | 一覧取得処理終了 | ユーザーID : Ejimasyot@09
[2026-01-11 00:16:38] チーム設定 | 更新処理開始 | ユーザーID : Ejimasyot@09
[2026-01-11 00:16:38] チーム設定 | 更新処理終了 | ユーザーID : Ejimasyot@09
[2026-01-11 00:19:31] 作品情報取得 | 取得処理開始
[2026-01-11 00:19:31] 作品情報取得 | 取得処理終了
[2026-01-11 00:19:31] ユーザー権限取得 | 取得処理開始 | ユーザーID : Ejimasyot@09
[2026-01-11 00:19:31] ユーザー権限取得 | 取得処理終了 | ユーザーID : Ejimasyot@09
[2026-01-11 00:19:35] チーム設定 | 一覧取得処理開始 | ユーザーID : Ejimasyot@09
[2026-01-11 00:19:35] チーム設定 | 一覧取得処理終了 | ユーザーID : Ejimasyot@09
[2026-01-11 00:23:07] 作品情報取得 | 取得処理開始
[2026-01-11 00:23:07] 作品情報取得 | 取得処理終了
[2026-01-11 00:23:07] ユーザー権限取得 | 取得処理開始 | ユーザーID : Ejimasyot@09
[2026-01-11 00:23:07] ユーザー権限取得 | 取得処理終了 | ユーザーID : Ejimasyot@09
[2026-01-11 00:23:13] チーム設定 | 一覧取得処理開始 | ユーザーID : Ejimasyot@09
[2026-01-11 00:23:13] チーム設定 | 一覧取得処理終了 | ユーザーID : Ejimasyot@09
[2026-01-11 00:23:19] チーム設定 | 更新処理開始 | ユーザーID : Ejimasyot@09
[2026-01-11 00:23:19] チーム設定 | 更新処理終了 | ユーザーID : Ejimasyot@09
[2026-01-11 00:23:58] 作品情報取得 | 取得処理開始
[2026-01-11 00:23:58] 作品情報取得 | 取得処理終了
[2026-01-11 00:23:58] ユーザー権限取得 | 取得処理開始 | ユーザーID : Ejimasyot@09
[2026-01-11 00:23:58] ユーザー権限取得 | 取得処理終了 | ユーザーID : Ejimasyot@09
[2026-01-11 00:23:59] チーム設定 | 一覧取得処理開始 | ユーザーID : Ejimasyot@09
[2026-01-11 00:23:59] チーム設定 | 一覧取得処理終了 | ユーザーID : Ejimasyot@09
[2026-01-11 00:24:05] チーム設定 | 更新処理開始 | ユーザーID : Ejimasyot@09
[2026-01-11 00:24:05] チーム設定 | 更新処理終了 | ユーザーID : Ejimasyot@09
[2026-01-11 00:24:05] チーム設定 | 一覧取得処理開始 | ユーザーID : Ejimasyot@09
[2026-01-11 00:24:05] チーム設定 | 一覧取得処理終了 | ユーザーID : Ejimasyot@09
[2026-01-11 00:24:19] チーム設定 | 更新処理開始 | ユーザーID : Ejimasyot@09
[2026-01-11 00:24:19] チーム設定 | 更新処理終了 | ユーザーID : Ejimasyot@09
[2026-01-11 00:24:19] チーム設定 | 一覧取得処理開始 | ユーザーID : Ejimasyot@09
[2026-01-11 00:24:19] チーム設定 | 一覧取得処理終了 | ユーザーID : Ejimasyot@09
[2026-01-11 00:26:21] 作品情報取得 | 取得処理開始
[2026-01-11 00:26:21] 作品情報取得 | 取得処理終了
[2026-01-11 00:26:21] ユーザー権限取得 | 取得処理開始 | ユーザーID : Ejimasyot@09
[2026-01-11 00:26:21] ユーザー権限取得 | 取得処理終了 | ユーザーID : Ejimasyot@09
[2026-01-11 00:26:20] チーム設定 | 一覧取得処理開始 | ユーザーID : Ejimasyot@09
[2026-01-11 00:26:20] チーム設定 | 一覧取得処理終了 | ユーザーID : Ejimasyot@09
[2026-01-11 00:26:26] チーム設定 | 更新処理開始 | ユーザーID : Ejimasyot@09
[2026-01-11 00:26:26] チーム設定 | 更新処理終了 | ユーザーID : Ejimasyot@09
[2026-01-11 00:26:27] チーム設定 | 一覧取得処理開始 | ユーザーID : Ejimasyot@09
[2026-01-11 00:26:27] チーム設定 | 一覧取得処理終了 | ユーザーID : Ejimasyot@09
[2026-01-11 00:26:55] キャラ設定 | 一覧取得処理開始
[2026-01-11 00:26:55] キャラ設定 | 一覧取得処理終了
[2026-01-11 00:26:55] 相関図作成 | 一覧取得処理開始
[2026-01-11 00:26:55] 相関図作成 | 一覧取得処理終了
[2026-01-11 00:28:08] 相関図作成 | 一覧取得処理開始
[2026-01-11 00:28:08] 相関図作成 | 一覧取得処理終了
[2026-01-11 00:28:08] 相関図作成 | オブジェクト登録処理開始 | ユーザーID : Ejimasyot@09
[2026-01-11 00:28:08] 相関図作成 | オブジェクト登録処理終了 | ユーザーID : Ejimasyot@09
[2026-01-11 00:28:08] 相関図作成 | オブジェクト登録処理開始 | ユーザーID : Ejimasyot@09
[2026-01-11 00:28:08] 相関図作成 | オブジェクト登録処理終了 | ユーザーID : Ejimasyot@09
[2026-01-11 00:28:09] 相関図作成 | 一覧取得処理開始
[2026-01-11 00:28:09] 相関図作成 | 一覧取得処理終了
[2026-01-11 00:28:09] 年表設定 | 一覧取得処理開始 | ユーザーID : Ejimasyot@09
[2026-01-11 00:28:09] 年表設定 | 一覧取得処理終了 | ユーザーID : Ejimasyot@09
[2026-01-11 00:28:12] キャラ設定 | 一覧取得処理開始
[2026-01-11 00:28:12] キャラ設定 | 一覧取得処理終了
[2026-01-11 00:28:12] 相関図作成 | 一覧取得処理開始
[2026-01-11 00:28:12] 相関図作成 | 一覧取得処理終了
[2026-01-11 00:28:17] 相関図作成 | 一覧取得処理開始
[2026-01-11 00:28:17] 相関図作成 | 一覧取得処理終了
[2026-01-11 00:28:17] 相関図作成 | オブジェクト削除処理開始 | ユーザーID : Ejimasyot@09
[2026-01-11 00:28:17] 相関図作成 | オブジェクト削除処理終了 | ユーザーID : Ejimasyot@09
[2026-01-11 00:28:17] 相関図作成 | オブジェクト削除処理開始 | ユーザーID : Ejimasyot@09
[2026-01-11 00:28:17] 相関図作成 | オブジェクト削除処理終了 | ユーザーID : Ejimasyot@09
[2026-01-11 00:28:18] 相関図作成 | 一覧取得処理開始
[2026-01-11 00:28:18] 相関図作成 | 一覧取得処理終了
[2026-01-11 00:28:19] 種族設定 | 一覧取得処理開始 | ユーザーID : Ejimasyot@09
[2026-01-11 00:28:19] 種族設定 | 一覧取得処理終了 | ユーザーID : Ejimasyot@09
[2026-01-11 00:28:20] チーム設定 | 一覧取得処理開始 | ユーザーID : Ejimasyot@09
[2026-01-11 00:28:20] チーム設定 | 一覧取得処理終了 | ユーザーID : Ejimasyot@09
[2026-01-11 00:28:23] 組織設定 | 一覧取得処理開始 | ユーザーID : Ejimasyot@09
[2026-01-11 00:28:23] 組織設定 | 一覧取得処理終了 | ユーザーID : Ejimasyot@09
[2026-01-11 00:28:25] 組織設定 | 一覧取得処理開始
[2026-01-11 00:28:25] 種族設定 | 一覧取得処理開始
[2026-01-11 00:28:25] チーム設定 | 一覧取得処理開始
[2026-01-11 00:28:25] 階級設定 | 一覧取得処理開始
[2026-01-11 00:28:25] 種族設定 | 一覧取得処理終了
[2026-01-11 00:28:25] チーム設定 | 一覧取得処理終了
[2026-01-11 00:28:25] 組織設定 | 一覧取得処理終了
[2026-01-11 00:28:25] 階級設定 | 一覧取得処理終了
[2026-01-11 00:28:25] キャラ設定 | 一覧取得処理開始
[2026-01-11 00:28:25] キャラ設定 | 一覧取得処理終了
[2026-01-11 00:31:53] 作品情報取得 | 取得処理開始
[2026-01-11 00:31:53] 作品情報取得 | 取得処理終了
[2026-01-11 00:31:53] ユーザー権限取得 | 取得処理開始 | ユーザーID : Ejimasyot@09
[2026-01-11 00:31:53] ユーザー権限取得 | 取得処理終了 | ユーザーID : Ejimasyot@09
[2026-01-11 00:31:54] 組織設定 | 一覧取得処理開始
[2026-01-11 00:31:54] 階級設定 | 一覧取得処理開始
[2026-01-11 00:31:54] チーム設定 | 一覧取得処理開始
[2026-01-11 00:31:54] 種族設定 | 一覧取得処理開始
[2026-01-11 00:31:54] 階級設定 | 一覧取得処理終了
[2026-01-11 00:31:54] 種族設定 | 一覧取得処理終了
[2026-01-11 00:31:54] チーム設定 | 一覧取得処理終了
[2026-01-11 00:31:54] 組織設定 | 一覧取得処理終了
[2026-01-11 00:31:54] キャラ設定 | 一覧取得処理開始
[2026-01-11 00:31:54] キャラ設定 | 一覧取得処理終了
[2026-01-11 00:32:10] 種族設定 | 一覧取得処理開始 | ユーザーID : Ejimasyot@09
[2026-01-11 00:32:10] 種族設定 | 一覧取得処理終了 | ユーザーID : Ejimasyot@09
[2026-01-11 00:32:11] 階級設定 | 一覧取得処理開始 | ユーザーID : Ejimasyot@09
[2026-01-11 00:32:11] 階級設定 | 一覧取得処理終了 | ユーザーID : Ejimasyot@09
[2026-01-11 00:32:13] チーム設定 | 一覧取得処理開始 | ユーザーID : Ejimasyot@09
[2026-01-11 00:32:13] チーム設定 | 一覧取得処理終了 | ユーザーID : Ejimasyot@09
[2026-01-11 00:32:37] 作品情報取得 | 取得処理開始
[2026-01-11 00:32:37] 作品情報取得 | 取得処理終了
[2026-01-11 00:32:37] ユーザー権限取得 | 取得処理開始 | ユーザーID : Ejimasyot@09
[2026-01-11 00:32:37] ユーザー権限取得 | 取得処理終了 | ユーザーID : Ejimasyot@09
[2026-01-11 00:32:38] チーム設定 | 一覧取得処理開始 | ユーザーID : Ejimasyot@09
[2026-01-11 00:32:38] チーム設定 | 一覧取得処理終了 | ユーザーID : Ejimasyot@09
[2026-01-11 00:32:43] 組織設定 | 一覧取得処理開始
[2026-01-11 00:32:43] 種族設定 | 一覧取得処理開始
[2026-01-11 00:32:43] チーム設定 | 一覧取得処理開始
[2026-01-11 00:32:43] 階級設定 | 一覧取得処理開始
[2026-01-11 00:32:43] チーム設定 | 一覧取得処理終了
[2026-01-11 00:32:43] 種族設定 | 一覧取得処理終了
[2026-01-11 00:32:43] 階級設定 | 一覧取得処理終了
[2026-01-11 00:32:43] 組織設定 | 一覧取得処理終了
[2026-01-11 00:32:43] キャラ設定 | 一覧取得処理開始
[2026-01-11 00:32:43] キャラ設定 | 一覧取得処理終了
[2026-01-11 00:33:06] 参加中プロジェクト一覧 | 取得処理開始 | ユーザーID : Ejimasyot@09
[2026-01-11 00:33:06] 参加中プロジェクト一覧 | 取得処理終了 | ユーザーID : Ejimasyot@09
[2026-01-11 00:33:49] 作品情報取得 | 取得処理開始
[2026-01-11 00:33:49] 作品情報取得 | 取得処理終了
[2026-01-11 00:33:49] ユーザー権限取得 | 取得処理開始 | ユーザーID : Ejimasyot@09
[2026-01-11 00:33:49] ユーザー権限取得 | 取得処理終了 | ユーザーID : Ejimasyot@09
[2026-01-11 00:33:51] 組織設定 | 一覧取得処理開始
[2026-01-11 00:33:51] チーム設定 | 一覧取得処理開始
[2026-01-11 00:33:51] 階級設定 | 一覧取得処理開始
[2026-01-11 00:33:51] 種族設定 | 一覧取得処理開始
[2026-01-11 00:33:51] 組織設定 | 一覧取得処理終了
[2026-01-11 00:33:51] 種族設定 | 一覧取得処理終了
[2026-01-11 00:33:51] チーム設定 | 一覧取得処理終了
[2026-01-11 00:33:51] 階級設定 | 一覧取得処理終了
[2026-01-11 00:33:51] キャラ設定 | 一覧取得処理開始
[2026-01-11 00:33:51] キャラ設定 | 一覧取得処理終了
[2026-01-11 00:34:31] 組織設定 | 一覧取得処理開始 | ユーザーID : Ejimasyot@09
[2026-01-11 00:34:31] 組織設定 | 一覧取得処理終了 | ユーザーID : Ejimasyot@09
[2026-01-11 00:34:33] チーム設定 | 一覧取得処理開始 | ユーザーID : Ejimasyot@09
[2026-01-11 00:34:33] チーム設定 | 一覧取得処理終了 | ユーザーID : Ejimasyot@09
[2026-01-11 00:34:34] 種族設定 | 一覧取得処理開始 | ユーザーID : Ejimasyot@09
[2026-01-11 00:34:34] 種族設定 | 一覧取得処理終了 | ユーザーID : Ejimasyot@09
[2026-01-11 00:34:36] 階級設定 | 一覧取得処理開始 | ユーザーID : Ejimasyot@09
[2026-01-11 00:34:36] 階級設定 | 一覧取得処理終了 | ユーザーID : Ejimasyot@09
