[2026-01-10 17:15:55] ログイン | ログイン処理開始 | ユーザーID : Ejimasyot@09
[2026-01-10 17:15:55] ログイン | ログイン処理終了 | ユーザーID : Ejimasyot@09
[2026-01-10 17:15:55] 参加中プロジェクト一覧 | 取得処理開始 | ユーザーID : Ejimasyot@09
[2026-01-10 17:15:55] 参加中プロジェクト一覧 | 取得処理終了 | ユーザーID : Ejimasyot@09
[2026-01-10 17:16:04] 作品情報取得 | 取得処理開始
[2026-01-10 17:16:04] 作品情報取得 | 取得処理終了
[2026-01-10 17:16:04] ユーザー権限取得 | 取得処理開始 | ユーザーID : Ejimasyot@09
[2026-01-10 17:16:04] ユーザー権限取得 | 取得処理終了 | ユーザーID : Ejimasyot@09
[2026-01-10 17:16:16] チーム設定 | 一覧取得処理開始 | ユーザーID : Ejimasyot@09
[2026-01-10 17:16:16] チーム設定 | 一覧取得処理終了 | ユーザーID : Ejimasyot@09
[2026-01-10 17:17:10] 武器設定 | 一覧取得処理開始 | ユーザーID : Ejimasyot@09
[2026-01-10 17:17:10] 武器設定 | 一覧取得処理終了 | ユーザーID : Ejimasyot@09
[2026-01-10 17:17:12] 舞台設定 | 一覧取得処理開始 | ユーザーID : Ejimasyot@09
[2026-01-10 17:17:12] 舞台設定 | 一覧取得処理終了 | ユーザーID : Ejimasyot@09
[2026-01-10 17:17:19] 更新履歴一覧 | 一覧取得処理開始 | ユーザーID : Ejimasyot@09
[2026-01-10 17:17:19] 更新履歴一覧 | 一覧取得処理終了 | ユーザーID : Ejimasyot@09
[2026-01-10 17:17:23] 参加者一覧 | 一覧取得処理開始 | ユーザーID : Ejimasyot@09
[2026-01-10 17:17:23] 参加者一覧 | 一覧取得処理終了 | ユーザーID : Ejimasyot@09
[2026-01-10 17:17:27] 参加者一覧 | 更新処理開始 | ユーザーID : Ejimasyot@09
[2026-01-10 17:17:27] 参加者一覧 | 更新処理終了 | ユーザーID : Ejimasyot@09
[2026-01-10 17:17:27] 参加者一覧 | 一覧取得処理開始 | ユーザーID : Ejimasyot@09
[2026-01-10 17:17:27] 参加者一覧 | 一覧取得処理終了 | ユーザーID : Ejimasyot@09
[2026-01-10 17:17:29] 参加者一覧 | 更新処理開始 | ユーザーID : Ejimasyot@09
[2026-01-10 17:17:29] 参加者一覧 | 更新処理終了 | ユーザーID : Ejimasyot@09
[2026-01-10 17:17:30] 参加者一覧 | 一覧取得処理開始 | ユーザーID : Ejimasyot@09
[2026-01-10 17:17:30] 参加者一覧 | 一覧取得処理終了 | ユーザーID : Ejimasyot@09
[2026-01-10 17:17:31] 階級設定 | 一覧取得処理開始 | ユーザーID : Ejimasyot@09
[2026-01-10 17:17:31] 階級設定 | 一覧取得処理終了 | ユーザーID : Ejimasyot@09
[2026-01-10 17:17:33] チーム設定 | 一覧取得処理開始 | ユーザーID : Ejimasyot@09
[2026-01-10 17:17:33] チーム設定 | 一覧取得処理終了 | ユーザーID : Ejimasyot@09
[2026-01-10 17:17:33] 組織設定 | 一覧取得処理開始 | ユーザーID : Ejimasyot@09
[2026-01-10 17:17:33] 組織設定 | 一覧取得処理終了 | ユーザーID : Ejimasyot@09
[2026-01-10 17:17:34] 組織設定 | 一覧取得処理開始
[2026-01-10 17:17:34] 階級設定 | 一覧取得処理開始
[2026-01-10 17:17:34] チーム設定 | 一覧取得処理開始
[2026-01-10 17:17:34] 種族設定 | 一覧取得処理開始
[2026-01-10 17:17:34] 組織設定 | 一覧取得処理終了
[2026-01-10 17:17:34] 種族設定 | 一覧取得処理終了
[2026-01-10 17:17:34] 階級設定 | 一覧取得処理終了
[2026-01-10 17:17:34] チーム設定 | 一覧取得処理終了
[2026-01-10 17:17:34] キャラ設定 | 一覧取得処理開始
[2026-01-10 17:17:34] キャラ設定 | 一覧取得処理終了
[2026-01-10 17:17:35] 種族設定 | 一覧取得処理開始
[2026-01-10 17:17:35] 階級設定 | 一覧取得処理開始
[2026-01-10 17:17:35] 組織設定 | 一覧取得処理開始
[2026-01-10 17:17:35] チーム設定 | 一覧取得処理開始
[2026-01-10 17:17:35] チーム設定 | 一覧取得処理終了
[2026-01-10 17:17:35] 階級設定 | 一覧取得処理終了
[2026-01-10 17:17:35] 組織設定 | 一覧取得処理終了
[2026-01-10 17:17:35] 種族設定 | 一覧取得処理終了
[2026-01-10 17:17:35] キャラ設定 | 一覧取得処理開始
[2026-01-10 17:17:35] キャラ設定 | 一覧取得処理終了
[2026-01-10 17:17:36] 組織設定 | 一覧取得処理開始 | ユーザーID : Ejimasyot@09
[2026-01-10 17:17:36] 組織設定 | 一覧取得処理終了 | ユーザーID : Ejimasyot@09
[2026-01-10 17:17:36] 階級設定 | 一覧取得処理開始
[2026-01-10 17:17:36] 組織設定 | 一覧取得処理開始
[2026-01-10 17:17:36] チーム設定 | 一覧取得処理開始
[2026-01-10 17:17:36] 種族設定 | 一覧取得処理開始
[2026-01-10 17:17:36] 種族設定 | 一覧取得処理終了
[2026-01-10 17:17:36] チーム設定 | 一覧取得処理終了
[2026-01-10 17:17:36] 組織設定 | 一覧取得処理終了
[2026-01-10 17:17:36] 階級設定 | 一覧取得処理終了
[2026-01-10 17:17:36] キャラ設定 | 一覧取得処理開始
[2026-01-10 17:17:36] キャラ設定 | 一覧取得処理終了
[2026-01-10 17:17:37] 組織設定 | 一覧取得処理開始 | ユーザーID : Ejimasyot@09
[2026-01-10 17:17:37] 組織設定 | 一覧取得処理終了 | ユーザーID : Ejimasyot@09
[2026-01-10 17:17:37] 組織設定 | 一覧取得処理開始 | ユーザーID : Ejimasyot@09
[2026-01-10 17:17:37] 組織設定 | 一覧取得処理終了 | ユーザーID : Ejimasyot@09
[2026-01-10 17:17:38] 組織設定 | 一覧取得処理開始 | ユーザーID : Ejimasyot@09
[2026-01-10 17:17:38] 組織設定 | 一覧取得処理終了 | ユーザーID : Ejimasyot@09
[2026-01-10 17:17:38] チーム設定 | 一覧取得処理開始
[2026-01-10 17:17:38] 種族設定 | 一覧取得処理開始
[2026-01-10 17:17:38] 組織設定 | 一覧取得処理開始
[2026-01-10 17:17:38] 階級設定 | 一覧取得処理開始
[2026-01-10 17:17:39] チーム設定 | 一覧取得処理終了
[2026-01-10 17:17:39] 種族設定 | 一覧取得処理終了
[2026-01-10 17:17:39] 組織設定 | 一覧取得処理終了
[2026-01-10 17:17:39] 階級設定 | 一覧取得処理終了
[2026-01-10 17:17:39] キャラ設定 | 一覧取得処理開始
[2026-01-10 17:17:39] キャラ設定 | 一覧取得処理終了
[2026-01-10 17:17:39] チーム設定 | 一覧取得処理開始 | ユーザーID : Ejimasyot@09
[2026-01-10 17:17:39] チーム設定 | 一覧取得処理終了 | ユーザーID : Ejimasyot@09
[2026-01-10 17:17:40] 元号設定 | 一覧取得処理開始 | ユーザーID : Ejimasyot@09
[2026-01-10 17:17:40] 元号設定 | 一覧取得処理終了 | ユーザーID : Ejimasyot@09
[2026-01-10 17:17:39] 技設定 | 一覧取得処理開始 | ユーザーID : Ejimasyot@09
[2026-01-10 17:17:39] 技設定 | 一覧取得処理終了 | ユーザーID : Ejimasyot@09
[2026-01-10 17:17:40] 階級設定 | 一覧取得処理開始 | ユーザーID : Ejimasyot@09
[2026-01-10 17:17:40] 階級設定 | 一覧取得処理終了 | ユーザーID : Ejimasyot@09
[2026-01-10 17:17:41] 種族設定 | 一覧取得処理開始 | ユーザーID : Ejimasyot@09
[2026-01-10 17:17:41] 種族設定 | 一覧取得処理終了 | ユーザーID : Ejimasyot@09
[2026-01-10 17:17:42] 階級設定 | 一覧取得処理開始 | ユーザーID : Ejimasyot@09
[2026-01-10 17:17:42] 階級設定 | 一覧取得処理終了 | ユーザーID : Ejimasyot@09
[2026-01-10 17:18:00] 階級設定 | 登録処理開始 | ユーザーID : Ejimasyot@09
[2026-01-10 17:18:00] 階級設定 | 登録処理終了 | ユーザーID : Ejimasyot@09
[2026-01-10 17:18:01] 階級設定 | 一覧取得処理開始 | ユーザーID : Ejimasyot@09
[2026-01-10 17:18:01] 階級設定 | 一覧取得処理終了 | ユーザーID : Ejimasyot@09
[2026-01-10 17:18:10] 階級設定 | 削除処理開始 | ユーザーID : Ejimasyot@09
[2026-01-10 17:18:10] 階級設定 | 削除処理終了 | ユーザーID : Ejimasyot@09
[2026-01-10 17:18:11] 階級設定 | 一覧取得処理開始 | ユーザーID : Ejimasyot@09
[2026-01-10 17:18:11] 階級設定 | 一覧取得処理終了 | ユーザーID : Ejimasyot@09
[2026-01-10 17:18:16] 元号設定 | 一覧取得処理開始 | ユーザーID : Ejimasyot@09
[2026-01-10 17:18:16] 元号設定 | 一覧取得処理終了 | ユーザーID : Ejimasyot@09
[2026-01-10 18:12:04] 年表設定 | 一覧取得処理開始 | ユーザーID : Ejimasyot@09
[2026-01-10 18:12:04] 年表設定 | 一覧取得処理終了 | ユーザーID : Ejimasyot@09
[2026-01-10 18:12:07] キャラ設定 | 一覧取得処理開始
[2026-01-10 18:12:07] キャラ設定 | 一覧取得処理終了
[2026-01-10 18:16:52] 作品情報取得 | 取得処理開始
[2026-01-10 18:16:53] 作品情報取得 | 取得処理終了
[2026-01-10 18:16:53] ユーザー権限取得 | 取得処理開始 | ユーザーID : Ejimasyot@09
[2026-01-10 18:16:53] ユーザー権限取得 | 取得処理終了 | ユーザーID : Ejimasyot@09
[2026-01-10 18:16:57] キャラ設定 | 一覧取得処理開始
[2026-01-10 18:16:57] キャラ設定 | 一覧取得処理終了
[2026-01-10 18:17:10] 作品情報取得 | 取得処理開始
[2026-01-10 18:17:10] 作品情報取得 | 取得処理終了
[2026-01-10 18:17:11] 作品情報取得 | 取得処理開始
[2026-01-10 18:17:11] 作品情報取得 | 取得処理終了
[2026-01-10 18:17:11] ユーザー権限取得 | 取得処理開始 | ユーザーID : Ejimasyot@09
[2026-01-10 18:17:11] ユーザー権限取得 | 取得処理終了 | ユーザーID : Ejimasyot@09
[2026-01-10 18:17:11] キャラ設定 | 一覧取得処理開始
[2026-01-10 18:17:11] キャラ設定 | 一覧取得処理終了
[2026-01-10 18:21:18] 作品情報取得 | 取得処理開始
[2026-01-10 18:21:18] 作品情報取得 | 取得処理終了
[2026-01-10 18:21:19] ユーザー権限取得 | 取得処理開始 | ユーザーID : Ejimasyot@09
[2026-01-10 18:21:19] ユーザー権限取得 | 取得処理終了 | ユーザーID : Ejimasyot@09
[2026-01-10 18:21:20] キャラ設定 | 一覧取得処理開始
[2026-01-10 18:21:20] キャラ設定 | 一覧取得処理終了
[2026-01-10 18:33:25] 作品情報取得 | 取得処理開始
[2026-01-10 18:33:25] 作品情報取得 | 取得処理終了
[2026-01-10 18:33:25] ユーザー権限取得 | 取得処理開始 | ユーザーID : Ejimasyot@09
[2026-01-10 18:33:25] ユーザー権限取得 | 取得処理終了 | ユーザーID : Ejimasyot@09
[2026-01-10 18:33:28] キャラ設定 | 一覧取得処理開始
[2026-01-10 18:33:26] キャラ設定 | 一覧取得処理終了
[2026-01-10 18:33:26] 相関図作成 | 一覧取得処理開始
[2026-01-10 18:33:26] 相関図作成 | 一覧取得処理終了
[2026-01-10 18:33:52] 相関図作成 | 一覧取得処理開始
[2026-01-10 18:33:52] 相関図作成 | 一覧取得処理終了
[2026-01-10 18:33:52] 相関図作成 | オブジェクト登録処理開始 | ユーザーID : Ejimasyot@09
[2026-01-10 18:33:52] 相関図作成 | オブジェクト登録処理終了 | ユーザーID : Ejimasyot@09
[2026-01-10 18:33:52] 相関図作成 | オブジェクト登録処理開始 | ユーザーID : Ejimasyot@09
[2026-01-10 18:33:52] 相関図作成 | オブジェクト登録処理終了 | ユーザーID : Ejimasyot@09
[2026-01-10 18:33:54] 相関図作成 | 一覧取得処理開始
[2026-01-10 18:33:54] 相関図作成 | 一覧取得処理終了
[2026-01-10 18:33:55] セリフ設定 | 一覧取得処理開始 | ユーザーID : Ejimasyot@09
[2026-01-10 18:33:55] セリフ設定 | 一覧取得処理終了 | ユーザーID : Ejimasyot@09
[2026-01-10 18:33:55] キャラ設定 | 一覧取得処理開始
[2026-01-10 18:33:55] キャラ設定 | 一覧取得処理終了
[2026-01-10 18:33:55] 相関図作成 | 一覧取得処理開始
[2026-01-10 18:33:55] 相関図作成 | 一覧取得処理終了
[2026-01-10 18:34:01] 技設定 | 一覧取得処理開始 | ユーザーID : Ejimasyot@09
[2026-01-10 18:34:01] 技設定 | 一覧取得処理終了 | ユーザーID : Ejimasyot@09
[2026-01-10 18:34:02] セリフ設定 | 一覧取得処理開始 | ユーザーID : Ejimasyot@09
[2026-01-10 18:34:02] セリフ設定 | 一覧取得処理終了 | ユーザーID : Ejimasyot@09
[2026-01-10 18:34:02] ストーリー作成 | 一覧取得処理開始
[2026-01-10 18:34:02] ストーリー作成 | 一覧取得処理終了
[2026-01-10 18:34:03] キャラ設定 | 一覧取得処理開始
[2026-01-10 18:34:03] キャラ設定 | 一覧取得処理終了
[2026-01-10 18:34:03] 相関図作成 | 一覧取得処理開始
[2026-01-10 18:34:03] 相関図作成 | 一覧取得処理終了
[2026-01-10 18:34:13] セリフ設定 | 一覧取得処理開始 | ユーザーID : Ejimasyot@09
[2026-01-10 18:34:13] セリフ設定 | 一覧取得処理終了 | ユーザーID : Ejimasyot@09
[2026-01-10 18:34:14] キャラ設定 | 一覧取得処理開始
[2026-01-10 18:34:14] キャラ設定 | 一覧取得処理終了
[2026-01-10 18:34:14] 相関図作成 | 一覧取得処理開始
[2026-01-10 18:34:14] 相関図作成 | 一覧取得処理終了
[2026-01-10 18:36:03] 作品情報取得 | 取得処理開始
[2026-01-10 18:36:03] 作品情報取得 | 取得処理終了
[2026-01-10 18:36:04] 作品情報取得 | 取得処理開始
[2026-01-10 18:36:04] 作品情報取得 | 取得処理終了
[2026-01-10 18:36:04] ユーザー権限取得 | 取得処理開始 | ユーザーID : Ejimasyot@09
[2026-01-10 18:36:04] ユーザー権限取得 | 取得処理終了 | ユーザーID : Ejimasyot@09
[2026-01-10 18:36:05] 技設定 | 一覧取得処理開始 | ユーザーID : Ejimasyot@09
[2026-01-10 18:36:05] 技設定 | 一覧取得処理終了 | ユーザーID : Ejimasyot@09
[2026-01-10 18:36:06] キャラ設定 | 一覧取得処理開始
[2026-01-10 18:36:06] キャラ設定 | 一覧取得処理終了
[2026-01-10 18:36:06] 相関図作成 | 一覧取得処理開始
[2026-01-10 18:36:06] 相関図作成 | 一覧取得処理終了
[2026-01-10 18:36:28] 相関図作成 | 一覧取得処理開始
[2026-01-10 18:36:28] 相関図作成 | 一覧取得処理終了
[2026-01-10 18:36:28] 相関図作成 | オブジェクト削除処理開始 | ユーザーID : Ejimasyot@09
[2026-01-10 18:36:28] 相関図作成 | オブジェクト削除処理終了 | ユーザーID : Ejimasyot@09
[2026-01-10 18:36:28] 相関図作成 | オブジェクト削除処理開始 | ユーザーID : Ejimasyot@09
[2026-01-10 18:36:28] 相関図作成 | オブジェクト削除処理終了 | ユーザーID : Ejimasyot@09
[2026-01-10 18:36:29] 相関図作成 | 一覧取得処理開始
[2026-01-10 18:36:29] 相関図作成 | 一覧取得処理終了
[2026-01-10 18:36:29] セリフ設定 | 一覧取得処理開始 | ユーザーID : Ejimasyot@09
[2026-01-10 18:36:29] セリフ設定 | 一覧取得処理終了 | ユーザーID : Ejimasyot@09
[2026-01-10 18:36:30] キャラ設定 | 一覧取得処理開始
[2026-01-10 18:36:30] キャラ設定 | 一覧取得処理終了
[2026-01-10 18:36:30] 相関図作成 | 一覧取得処理開始
[2026-01-10 18:36:30] 相関図作成 | 一覧取得処理終了
[2026-01-10 18:40:16] 作品情報取得 | 取得処理開始
[2026-01-10 18:40:16] 作品情報取得 | 取得処理終了
[2026-01-10 18:40:16] ユーザー権限取得 | 取得処理開始 | ユーザーID : Ejimasyot@09
[2026-01-10 18:40:17] ユーザー権限取得 | 取得処理終了 | ユーザーID : Ejimasyot@09
[2026-01-10 18:40:37] 更新履歴一覧 | 一覧取得処理開始 | ユーザーID : Ejimasyot@09
[2026-01-10 18:40:37] 更新履歴一覧 | 一覧取得処理終了 | ユーザーID : Ejimasyot@09
[2026-01-10 18:40:46] 参加中プロジェクト一覧 | 取得処理開始 | ユーザーID : Ejimasyot@09
[2026-01-10 18:40:46] 参加中プロジェクト一覧 | 取得処理終了 | ユーザーID : Ejimasyot@09
[2026-01-10 18:40:49] 管理者一覧 | 取得処理開始
[2026-01-10 18:40:49] 管理者一覧 | 取得処理終了
[2026-01-10 18:43:44] 参加中プロジェクト一覧 | 取得処理開始 | ユーザーID : Ejimasyot@09
[2026-01-10 18:43:44] 参加中プロジェクト一覧 | 取得処理終了 | ユーザーID : Ejimasyot@09
[2026-01-10 18:43:54] 作品情報取得 | 取得処理開始
[2026-01-10 18:43:54] 作品情報取得 | 取得処理終了
[2026-01-10 18:43:54] ユーザー権限取得 | 取得処理開始 | ユーザーID : Ejimasyot@09
[2026-01-10 18:43:54] ユーザー権限取得 | 取得処理終了 | ユーザーID : Ejimasyot@09
[2026-01-10 18:43:57] チーム設定 | 一覧取得処理開始 | ユーザーID : Ejimasyot@09
[2026-01-10 18:43:57] チーム設定 | 一覧取得処理終了 | ユーザーID : Ejimasyot@09
[2026-01-10 18:44:02] 元号設定 | 一覧取得処理開始 | ユーザーID : Ejimasyot@09
[2026-01-10 18:44:02] 元号設定 | 一覧取得処理終了 | ユーザーID : Ejimasyot@09
[2026-01-10 18:44:05] 参加者一覧 | 一覧取得処理開始 | ユーザーID : Ejimasyot@09
[2026-01-10 18:44:05] 参加者一覧 | 一覧取得処理終了 | ユーザーID : Ejimasyot@09
[2026-01-10 18:44:10] 更新履歴一覧 | 一覧取得処理開始 | ユーザーID : Ejimasyot@09
[2026-01-10 18:44:10] 更新履歴一覧 | 一覧取得処理終了 | ユーザーID : Ejimasyot@09
[2026-01-10 18:44:14] 伏線メモ | 一覧取得処理開始 | ユーザーID : Ejimasyot@09
[2026-01-10 18:44:14] 伏線メモ | 一覧取得処理終了 | ユーザーID : Ejimasyot@09
[2026-01-10 18:44:27] 能力設定 | 一覧取得処理開始 | ユーザーID : Ejimasyot@09
[2026-01-10 18:44:27] 能力設定 | 一覧取得処理終了 | ユーザーID : Ejimasyot@09
[2026-01-10 18:44:39] 組織設定 | 一覧取得処理開始
[2026-01-10 18:44:39] 種族設定 | 一覧取得処理開始
[2026-01-10 18:44:39] チーム設定 | 一覧取得処理開始
[2026-01-10 18:44:39] 階級設定 | 一覧取得処理開始
[2026-01-10 18:44:39] 組織設定 | 一覧取得処理終了
[2026-01-10 18:44:39] 種族設定 | 一覧取得処理終了
[2026-01-10 18:44:39] 階級設定 | 一覧取得処理終了
[2026-01-10 18:44:39] チーム設定 | 一覧取得処理終了
[2026-01-10 18:44:39] キャラ設定 | 一覧取得処理開始
[2026-01-10 18:44:39] キャラ設定 | 一覧取得処理終了
[2026-01-10 18:46:35] チーム設定 | 一覧取得処理開始 | ユーザーID : Ejimasyot@09
[2026-01-10 18:46:35] チーム設定 | 一覧取得処理終了 | ユーザーID : Ejimasyot@09
[2026-01-10 18:46:36] 組織設定 | 一覧取得処理開始 | ユーザーID : Ejimasyot@09
[2026-01-10 18:46:36] 組織設定 | 一覧取得処理終了 | ユーザーID : Ejimasyot@09
[2026-01-10 18:46:51] 種族設定 | 一覧取得処理開始 | ユーザーID : Ejimasyot@09
[2026-01-10 18:46:51] 種族設定 | 一覧取得処理終了 | ユーザーID : Ejimasyot@09
[2026-01-10 18:46:53] 組織設定 | 一覧取得処理開始
[2026-01-10 18:46:53] チーム設定 | 一覧取得処理開始
[2026-01-10 18:46:53] 階級設定 | 一覧取得処理開始
[2026-01-10 18:46:53] 種族設定 | 一覧取得処理開始
[2026-01-10 18:46:53] 階級設定 | 一覧取得処理終了
[2026-01-10 18:46:53] 種族設定 | 一覧取得処理終了
[2026-01-10 18:46:53] チーム設定 | 一覧取得処理終了
[2026-01-10 18:46:53] 組織設定 | 一覧取得処理終了
[2026-01-10 18:46:53] キャラ設定 | 一覧取得処理開始
[2026-01-10 18:46:53] キャラ設定 | 一覧取得処理終了
[2026-01-10 18:46:55] チーム設定 | 一覧取得処理開始 | ユーザーID : Ejimasyot@09
[2026-01-10 18:46:55] チーム設定 | 一覧取得処理終了 | ユーザーID : Ejimasyot@09
[2026-01-10 18:47:07] 階級設定 | 一覧取得処理開始 | ユーザーID : Ejimasyot@09
[2026-01-10 18:47:07] 階級設定 | 一覧取得処理終了 | ユーザーID : Ejimasyot@09
[2026-01-10 18:47:22] 年表設定 | 一覧取得処理開始 | ユーザーID : Ejimasyot@09
[2026-01-10 18:47:22] 年表設定 | 一覧取得処理終了 | ユーザーID : Ejimasyot@09
[2026-01-10 18:49:05] 参加中プロジェクト一覧 | 取得処理開始 | ユーザーID : Ejimasyot@09
[2026-01-10 18:49:05] 参加中プロジェクト一覧 | 取得処理終了 | ユーザーID : Ejimasyot@09
[2026-01-10 18:49:07] 作品情報取得 | 取得処理開始
[2026-01-10 18:49:07] 作品情報取得 | 取得処理終了
[2026-01-10 18:49:07] ユーザー権限取得 | 取得処理開始 | ユーザーID : Ejimasyot@09
[2026-01-10 18:49:07] ユーザー権限取得 | 取得処理終了 | ユーザーID : Ejimasyot@09
[2026-01-10 18:49:09] 組織設定 | 一覧取得処理開始 | ユーザーID : Ejimasyot@09
[2026-01-10 18:49:09] 組織設定 | 一覧取得処理終了 | ユーザーID : Ejimasyot@09
[2026-01-10 18:49:08] 種族設定 | 一覧取得処理開始 | ユーザーID : Ejimasyot@09
[2026-01-10 18:49:08] 種族設定 | 一覧取得処理終了 | ユーザーID : Ejimasyot@09
[2026-01-10 18:49:09] 階級設定 | 一覧取得処理開始 | ユーザーID : Ejimasyot@09
[2026-01-10 18:49:09] 階級設定 | 一覧取得処理終了 | ユーザーID : Ejimasyot@09
[2026-01-10 18:49:09] 年表設定 | 一覧取得処理開始 | ユーザーID : Ejimasyot@09
[2026-01-10 18:49:09] 年表設定 | 一覧取得処理終了 | ユーザーID : Ejimasyot@09
[2026-01-10 18:49:17] 組織設定 | 一覧取得処理開始 | ユーザーID : Ejimasyot@09
[2026-01-10 18:49:17] 組織設定 | 一覧取得処理終了 | ユーザーID : Ejimasyot@09
[2026-01-10 18:49:18] 階級設定 | 一覧取得処理開始 | ユーザーID : Ejimasyot@09
[2026-01-10 18:49:18] 階級設定 | 一覧取得処理終了 | ユーザーID : Ejimasyot@09
[2026-01-10 18:58:56] 作品情報取得 | 取得処理開始
[2026-01-10 18:58:56] 作品情報取得 | 取得処理終了
[2026-01-10 18:58:56] ユーザー権限取得 | 取得処理開始 | ユーザーID : Ejimasyot@09
[2026-01-10 18:58:56] ユーザー権限取得 | 取得処理終了 | ユーザーID : Ejimasyot@09
[2026-01-10 18:58:57] 組織設定 | 一覧取得処理開始 | ユーザーID : Ejimasyot@09
[2026-01-10 18:58:57] 組織設定 | 一覧取得処理終了 | ユーザーID : Ejimasyot@09
[2026-01-10 18:58:58] 階級設定 | 一覧取得処理開始 | ユーザーID : Ejimasyot@09
[2026-01-10 18:58:58] 階級設定 | 一覧取得処理終了 | ユーザーID : Ejimasyot@09
[2026-01-10 18:59:18] 組織設定 | 一覧取得処理開始 | ユーザーID : Ejimasyot@09
[2026-01-10 18:59:18] 組織設定 | 一覧取得処理終了 | ユーザーID : Ejimasyot@09
[2026-01-10 18:59:20] チーム設定 | 一覧取得処理開始 | ユーザーID : Ejimasyot@09
[2026-01-10 18:59:20] チーム設定 | 一覧取得処理終了 | ユーザーID : Ejimasyot@09
[2026-01-10 18:59:23] 年表設定 | 一覧取得処理開始 | ユーザーID : Ejimasyot@09
[2026-01-10 18:59:23] 年表設定 | 一覧取得処理終了 | ユーザーID : Ejimasyot@09
[2026-01-10 23:02:13] ログイン | ログイン処理開始 | ユーザーID : Ejimasyot@09
[2026-01-10 23:02:13] ログイン | ログイン処理終了 | ユーザーID : Ejimasyot@09
[2026-01-10 23:02:13] 作品情報取得 | 取得処理開始
[2026-01-10 23:02:13] 作品情報取得 | 取得処理終了
[2026-01-10 23:02:14] ユーザー権限取得 | 取得処理開始 | ユーザーID : Ejimasyot@09
[2026-01-10 23:02:14] ユーザー権限取得 | 取得処理終了 | ユーザーID : Ejimasyot@09
[2026-01-10 23:02:15] 組織設定 | 一覧取得処理開始 | ユーザーID : Ejimasyot@09
[2026-01-10 23:02:15] 組織設定 | 一覧取得処理終了 | ユーザーID : Ejimasyot@09
[2026-01-10 23:02:16] 組織設定 | 一覧取得処理開始
[2026-01-10 23:02:16] 種族設定 | 一覧取得処理開始
[2026-01-10 23:02:16] チーム設定 | 一覧取得処理開始
[2026-01-10 23:02:16] 階級設定 | 一覧取得処理開始
[2026-01-10 23:02:16] 種族設定 | 一覧取得処理終了
[2026-01-10 23:02:16] 組織設定 | 一覧取得処理終了
[2026-01-10 23:02:16] チーム設定 | 一覧取得処理終了
[2026-01-10 23:02:16] 階級設定 | 一覧取得処理終了
[2026-01-10 23:02:16] キャラ設定 | 一覧取得処理開始
[2026-01-10 23:02:16] キャラ設定 | 一覧取得処理終了
[2026-01-10 23:02:25] 組織設定 | 一覧取得処理開始 | ユーザーID : Ejimasyot@09
[2026-01-10 23:02:25] 組織設定 | 一覧取得処理終了 | ユーザーID : Ejimasyot@09
[2026-01-10 23:02:35] 組織設定 | 登録処理開始 | ユーザーID : Ejimasyot@09
[2026-01-10 23:02:35] 組織設定 | 登録処理終了 | ユーザーID : Ejimasyot@09
[2026-01-10 23:02:36] 組織設定 | 一覧取得処理開始 | ユーザーID : Ejimasyot@09
[2026-01-10 23:02:36] 組織設定 | 一覧取得処理終了 | ユーザーID : Ejimasyot@09
[2026-01-10 23:02:44] 組織設定 | 削除処理開始 | ユーザーID : Ejimasyot@09
[2026-01-10 23:03:19] 組織設定 | 削除処理開始 | ユーザーID : Ejimasyot@09
[2026-01-10 23:13:30] 作品情報取得 | 取得処理開始
[2026-01-10 23:13:30] 作品情報取得 | 取得処理終了
[2026-01-10 23:13:30] ユーザー権限取得 | 取得処理開始 | ユーザーID : Ejimasyot@09
[2026-01-10 23:13:30] ユーザー権限取得 | 取得処理終了 | ユーザーID : Ejimasyot@09
[2026-01-10 23:13:40] 組織設定 | 一覧取得処理開始 | ユーザーID : Ejimasyot@09
[2026-01-10 23:13:40] 組織設定 | 一覧取得処理終了 | ユーザーID : Ejimasyot@09
[2026-01-10 23:13:46] 組織設定 | 削除処理開始 | ユーザーID : Ejimasyot@09
[2026-01-10 23:13:46] 組織設定 | 削除処理終了 | ユーザーID : Ejimasyot@09
[2026-01-10 23:13:46] 組織設定 | 一覧取得処理開始 | ユーザーID : Ejimasyot@09
[2026-01-10 23:13:46] 組織設定 | 一覧取得処理終了 | ユーザーID : Ejimasyot@09
[2026-01-10 23:13:52] 種族設定 | 一覧取得処理開始 | ユーザーID : Ejimasyot@09
[2026-01-10 23:13:52] 種族設定 | 一覧取得処理終了 | ユーザーID : Ejimasyot@09
[2026-01-10 23:13:56] 元号設定 | 一覧取得処理開始 | ユーザーID : Ejimasyot@09
[2026-01-10 23:13:56] 元号設定 | 一覧取得処理終了 | ユーザーID : Ejimasyot@09
[2026-01-10 23:13:56] 年表設定 | 一覧取得処理開始 | ユーザーID : Ejimasyot@09
[2026-01-10 23:13:56] 年表設定 | 一覧取得処理終了 | ユーザーID : Ejimasyot@09
[2026-01-10 23:13:57] 元号設定 | 一覧取得処理開始 | ユーザーID : Ejimasyot@09
[2026-01-10 23:13:57] 元号設定 | 一覧取得処理終了 | ユーザーID : Ejimasyot@09
[2026-01-10 23:13:58] 階級設定 | 一覧取得処理開始 | ユーザーID : Ejimasyot@09
[2026-01-10 23:13:58] 階級設定 | 一覧取得処理終了 | ユーザーID : Ejimasyot@09
[2026-01-10 23:13:59] チーム設定 | 一覧取得処理開始 | ユーザーID : Ejimasyot@09
[2026-01-10 23:13:59] チーム設定 | 一覧取得処理終了 | ユーザーID : Ejimasyot@09
