[2026-01-08 08:46:49] ログイン | ログイン処理開始 | ユーザーID : Ejimasyot@09
[2026-01-08 08:46:49] ログイン | ログイン処理終了 | ユーザーID : Ejimasyot@09
[2026-01-08 08:46:49] 参加中プロジェクト一覧 | 取得処理開始 | ユーザーID : Ejimasyot@09
[2026-01-08 08:46:49] 参加中プロジェクト一覧 | 取得処理終了 | ユーザーID : Ejimasyot@09
[2026-01-08 08:51:04] 参加中プロジェクト一覧 | 取得処理開始 | ユーザーID : Ejimasyot@09
[2026-01-08 08:51:04] 参加中プロジェクト一覧 | 取得処理終了 | ユーザーID : Ejimasyot@09
[2026-01-08 08:51:39] フィードバック一覧 | 取得処理開始
[2026-01-08 08:51:39] フィードバック一覧 | 取得処理終了
[2026-01-08 08:51:41] 参加中プロジェクト一覧 | 取得処理開始 | ユーザーID : Ejimasyot@09
[2026-01-08 08:51:41] 参加中プロジェクト一覧 | 取得処理終了 | ユーザーID : Ejimasyot@09
[2026-01-08 08:51:49] 作品情報取得 | 取得処理開始
[2026-01-08 08:51:49] 作品情報取得 | 取得処理終了
[2026-01-08 08:51:49] ユーザー権限取得 | 取得処理開始 | ユーザーID : Ejimasyot@09
[2026-01-08 08:51:49] ユーザー権限取得 | 取得処理終了 | ユーザーID : Ejimasyot@09
[2026-01-08 08:54:03] 作品情報取得 | 取得処理開始
[2026-01-08 08:54:03] 作品情報取得 | 取得処理終了
[2026-01-08 08:54:03] ユーザー権限取得 | 取得処理開始 | ユーザーID : Ejimasyot@09
[2026-01-08 08:54:03] ユーザー権限取得 | 取得処理終了 | ユーザーID : Ejimasyot@09
[2026-01-08 08:55:49] 作品情報取得 | 取得処理開始
[2026-01-08 08:55:49] 作品情報取得 | 取得処理終了
[2026-01-08 08:55:49] ユーザー権限取得 | 取得処理開始 | ユーザーID : Ejimasyot@09
[2026-01-08 08:55:49] ユーザー権限取得 | 取得処理終了 | ユーザーID : Ejimasyot@09
[2026-01-08 08:56:34] 作品情報取得 | 取得処理開始
[2026-01-08 08:56:34] 作品情報取得 | 取得処理終了
[2026-01-08 08:56:34] ユーザー権限取得 | 取得処理開始 | ユーザーID : Ejimasyot@09
[2026-01-08 08:56:34] ユーザー権限取得 | 取得処理終了 | ユーザーID : Ejimasyot@09
[2026-01-08 08:57:00] 作品情報取得 | 取得処理開始
[2026-01-08 08:57:00] 作品情報取得 | 取得処理終了
[2026-01-08 08:57:00] ユーザー権限取得 | 取得処理開始 | ユーザーID : Ejimasyot@09
[2026-01-08 08:57:00] ユーザー権限取得 | 取得処理終了 | ユーザーID : Ejimasyot@09
[2026-01-08 09:00:43] 作品情報取得 | 取得処理開始
[2026-01-08 09:00:43] 作品情報取得 | 取得処理終了
[2026-01-08 09:00:43] ユーザー権限取得 | 取得処理開始 | ユーザーID : Ejimasyot@09
[2026-01-08 09:00:43] ユーザー権限取得 | 取得処理終了 | ユーザーID : Ejimasyot@09
[2026-01-08 09:00:44] 作品情報取得 | 取得処理開始
[2026-01-08 09:00:44] 作品情報取得 | 取得処理終了
[2026-01-08 09:00:44] ユーザー権限取得 | 取得処理開始 | ユーザーID : Ejimasyot@09
[2026-01-08 09:00:44] ユーザー権限取得 | 取得処理終了 | ユーザーID : Ejimasyot@09
[2026-01-08 09:03:30] 作品情報取得 | 取得処理開始
[2026-01-08 09:03:30] 作品情報取得 | 取得処理終了
[2026-01-08 09:03:30] ユーザー権限取得 | 取得処理開始 | ユーザーID : Ejimasyot@09
[2026-01-08 09:03:30] ユーザー権限取得 | 取得処理終了 | ユーザーID : Ejimasyot@09
[2026-01-08 09:03:42] 作品情報取得 | 取得処理開始
[2026-01-08 09:03:42] 作品情報取得 | 取得処理終了
[2026-01-08 09:03:42] ユーザー権限取得 | 取得処理開始 | ユーザーID : Ejimasyot@09
[2026-01-08 09:03:42] ユーザー権限取得 | 取得処理終了 | ユーザーID : Ejimasyot@09
[2026-01-08 09:04:49] 作品情報取得 | 取得処理開始
[2026-01-08 09:04:49] 作品情報取得 | 取得処理終了
[2026-01-08 09:04:49] ユーザー権限取得 | 取得処理開始 | ユーザーID : Ejimasyot@09
[2026-01-08 09:04:49] ユーザー権限取得 | 取得処理終了 | ユーザーID : Ejimasyot@09
[2026-01-08 09:07:59] 作品情報取得 | 取得処理開始
[2026-01-08 09:07:59] 作品情報取得 | 取得処理終了
[2026-01-08 09:07:59] ユーザー権限取得 | 取得処理開始 | ユーザーID : Ejimasyot@09
[2026-01-08 09:07:59] ユーザー権限取得 | 取得処理終了 | ユーザーID : Ejimasyot@09
[2026-01-08 09:08:00] 作品情報取得 | 取得処理開始
[2026-01-08 09:08:00] 作品情報取得 | 取得処理終了
[2026-01-08 09:08:00] ユーザー権限取得 | 取得処理開始 | ユーザーID : Ejimasyot@09
[2026-01-08 09:08:00] ユーザー権限取得 | 取得処理終了 | ユーザーID : Ejimasyot@09
[2026-01-08 09:08:00] 作品情報取得 | 取得処理開始
[2026-01-08 09:08:00] 作品情報取得 | 取得処理終了
[2026-01-08 09:08:00] ユーザー権限取得 | 取得処理開始 | ユーザーID : Ejimasyot@09
[2026-01-08 09:08:00] ユーザー権限取得 | 取得処理終了 | ユーザーID : Ejimasyot@09
[2026-01-08 09:10:51] 作品情報取得 | 取得処理開始
[2026-01-08 09:10:51] 作品情報取得 | 取得処理終了
[2026-01-08 09:10:51] ユーザー権限取得 | 取得処理開始 | ユーザーID : Ejimasyot@09
[2026-01-08 09:10:51] ユーザー権限取得 | 取得処理終了 | ユーザーID : Ejimasyot@09
[2026-01-08 09:11:02] 作品情報取得 | 取得処理開始
[2026-01-08 09:11:02] 作品情報取得 | 取得処理終了
[2026-01-08 09:11:02] ユーザー権限取得 | 取得処理開始 | ユーザーID : Ejimasyot@09
[2026-01-08 09:11:02] ユーザー権限取得 | 取得処理終了 | ユーザーID : Ejimasyot@09
[2026-01-08 09:11:02] 作品情報取得 | 取得処理開始
[2026-01-08 09:11:02] 作品情報取得 | 取得処理終了
[2026-01-08 09:11:02] ユーザー権限取得 | 取得処理開始 | ユーザーID : Ejimasyot@09
[2026-01-08 09:11:02] ユーザー権限取得 | 取得処理終了 | ユーザーID : Ejimasyot@09
[2026-01-08 09:11:14] 作品情報取得 | 取得処理開始
[2026-01-08 09:11:14] 作品情報取得 | 取得処理終了
[2026-01-08 09:11:14] ユーザー権限取得 | 取得処理開始 | ユーザーID : Ejimasyot@09
[2026-01-08 09:11:14] ユーザー権限取得 | 取得処理終了 | ユーザーID : Ejimasyot@09
[2026-01-08 09:11:45] 作品情報取得 | 取得処理開始
[2026-01-08 09:11:45] 作品情報取得 | 取得処理終了
[2026-01-08 09:11:45] ユーザー権限取得 | 取得処理開始 | ユーザーID : Ejimasyot@09
[2026-01-08 09:11:45] ユーザー権限取得 | 取得処理終了 | ユーザーID : Ejimasyot@09
[2026-01-08 09:15:54] 作品情報取得 | 取得処理開始
[2026-01-08 09:15:54] 作品情報取得 | 取得処理終了
[2026-01-08 09:15:54] ユーザー権限取得 | 取得処理開始 | ユーザーID : Ejimasyot@09
[2026-01-08 09:15:54] ユーザー権限取得 | 取得処理終了 | ユーザーID : Ejimasyot@09
[2026-01-08 09:15:55] スケジュール設定 | 一覧取得処理開始 | ユーザーID : Ejimasyot@09
[2026-01-08 09:15:55] スケジュール設定 | 一覧取得処理終了 | ユーザーID : Ejimasyot@09
[2026-01-08 09:17:28] 作品情報取得 | 取得処理開始
[2026-01-08 09:17:28] 作品情報取得 | 取得処理終了
[2026-01-08 09:17:28] ユーザー権限取得 | 取得処理開始 | ユーザーID : Ejimasyot@09
[2026-01-08 09:17:28] ユーザー権限取得 | 取得処理終了 | ユーザーID : Ejimasyot@09
[2026-01-08 09:17:52] 作品情報取得 | 取得処理開始
[2026-01-08 09:17:52] 作品情報取得 | 取得処理終了
[2026-01-08 09:17:52] ユーザー権限取得 | 取得処理開始 | ユーザーID : Ejimasyot@09
[2026-01-08 09:17:52] ユーザー権限取得 | 取得処理終了 | ユーザーID : Ejimasyot@09
[2026-01-08 09:18:15] 作品情報取得 | 取得処理開始
[2026-01-08 09:18:15] 作品情報取得 | 取得処理終了
[2026-01-08 09:18:15] ユーザー権限取得 | 取得処理開始 | ユーザーID : Ejimasyot@09
[2026-01-08 09:18:15] ユーザー権限取得 | 取得処理終了 | ユーザーID : Ejimasyot@09
[2026-01-08 09:18:16] 作品情報取得 | 取得処理開始
[2026-01-08 09:18:16] 作品情報取得 | 取得処理終了
[2026-01-08 09:18:16] 作品情報取得 | 取得処理開始
[2026-01-08 09:18:16] 作品情報取得 | 取得処理終了
[2026-01-08 09:18:16] 作品情報取得 | 取得処理開始
[2026-01-08 09:18:16] 作品情報取得 | 取得処理終了
[2026-01-08 09:18:16] ユーザー権限取得 | 取得処理開始 | ユーザーID : Ejimasyot@09
[2026-01-08 09:18:16] ユーザー権限取得 | 取得処理終了 | ユーザーID : Ejimasyot@09
[2026-01-08 09:18:29] 作品情報取得 | 取得処理開始
[2026-01-08 09:18:29] 作品情報取得 | 取得処理終了
[2026-01-08 09:18:29] ユーザー権限取得 | 取得処理開始 | ユーザーID : Ejimasyot@09
[2026-01-08 09:18:29] ユーザー権限取得 | 取得処理終了 | ユーザーID : Ejimasyot@09
[2026-01-08 09:19:16] 作品情報取得 | 取得処理開始
[2026-01-08 09:19:16] 作品情報取得 | 取得処理終了
[2026-01-08 09:19:16] ユーザー権限取得 | 取得処理開始 | ユーザーID : Ejimasyot@09
[2026-01-08 09:19:16] ユーザー権限取得 | 取得処理終了 | ユーザーID : Ejimasyot@09
[2026-01-08 09:20:44] 作品情報取得 | 取得処理開始
[2026-01-08 09:20:44] 作品情報取得 | 取得処理終了
[2026-01-08 09:20:44] ユーザー権限取得 | 取得処理開始 | ユーザーID : Ejimasyot@09
[2026-01-08 09:20:44] ユーザー権限取得 | 取得処理終了 | ユーザーID : Ejimasyot@09
[2026-01-08 09:20:45] スケジュール設定 | 一覧取得処理開始 | ユーザーID : Ejimasyot@09
[2026-01-08 09:20:45] スケジュール設定 | 一覧取得処理終了 | ユーザーID : Ejimasyot@09
[2026-01-08 09:21:56] 作品情報取得 | 取得処理開始
[2026-01-08 09:21:56] 作品情報取得 | 取得処理終了
[2026-01-08 09:21:56] ユーザー権限取得 | 取得処理開始 | ユーザーID : Ejimasyot@09
[2026-01-08 09:21:56] ユーザー権限取得 | 取得処理終了 | ユーザーID : Ejimasyot@09
[2026-01-08 09:22:15] 作品情報取得 | 取得処理開始
[2026-01-08 09:22:15] 作品情報取得 | 取得処理終了
[2026-01-08 09:22:15] ユーザー権限取得 | 取得処理開始 | ユーザーID : Ejimasyot@09
[2026-01-08 09:22:15] ユーザー権限取得 | 取得処理終了 | ユーザーID : Ejimasyot@09
[2026-01-08 09:22:15] 作品情報取得 | 取得処理開始
[2026-01-08 09:22:15] 作品情報取得 | 取得処理終了
[2026-01-08 09:22:15] ユーザー権限取得 | 取得処理開始 | ユーザーID : Ejimasyot@09
[2026-01-08 09:22:15] ユーザー権限取得 | 取得処理終了 | ユーザーID : Ejimasyot@09
[2026-01-08 09:22:37] 作品情報取得 | 取得処理開始
[2026-01-08 09:22:37] 作品情報取得 | 取得処理終了
[2026-01-08 09:22:37] ユーザー権限取得 | 取得処理開始 | ユーザーID : Ejimasyot@09
[2026-01-08 09:22:37] ユーザー権限取得 | 取得処理終了 | ユーザーID : Ejimasyot@09
[2026-01-08 09:22:37] 作品情報取得 | 取得処理開始
[2026-01-08 09:22:37] 作品情報取得 | 取得処理終了
[2026-01-08 09:22:37] ユーザー権限取得 | 取得処理開始 | ユーザーID : Ejimasyot@09
[2026-01-08 09:22:37] ユーザー権限取得 | 取得処理終了 | ユーザーID : Ejimasyot@09
[2026-01-08 09:22:37] 作品情報取得 | 取得処理開始
[2026-01-08 09:22:37] 作品情報取得 | 取得処理終了
[2026-01-08 09:22:37] ユーザー権限取得 | 取得処理開始 | ユーザーID : Ejimasyot@09
[2026-01-08 09:22:37] ユーザー権限取得 | 取得処理終了 | ユーザーID : Ejimasyot@09
[2026-01-08 09:22:39] スケジュール設定 | 一覧取得処理開始 | ユーザーID : Ejimasyot@09
[2026-01-08 09:22:39] スケジュール設定 | 一覧取得処理終了 | ユーザーID : Ejimasyot@09
[2026-01-08 09:23:02] 作品情報取得 | 取得処理開始
[2026-01-08 09:23:02] 作品情報取得 | 取得処理終了
[2026-01-08 09:23:02] ユーザー権限取得 | 取得処理開始 | ユーザーID : Ejimasyot@09
[2026-01-08 09:23:02] ユーザー権限取得 | 取得処理終了 | ユーザーID : Ejimasyot@09
[2026-01-08 09:23:17] 作品情報取得 | 取得処理開始
[2026-01-08 09:23:18] 作品情報取得 | 取得処理終了
[2026-01-08 09:23:18] ユーザー権限取得 | 取得処理開始 | ユーザーID : Ejimasyot@09
[2026-01-08 09:23:18] ユーザー権限取得 | 取得処理終了 | ユーザーID : Ejimasyot@09
[2026-01-08 09:23:18] スケジュール設定 | 一覧取得処理開始 | ユーザーID : Ejimasyot@09
[2026-01-08 09:23:18] スケジュール設定 | 一覧取得処理終了 | ユーザーID : Ejimasyot@09
[2026-01-08 09:28:52] 作品情報取得 | 取得処理開始
[2026-01-08 09:28:52] 作品情報取得 | 取得処理終了
[2026-01-08 09:28:52] ユーザー権限取得 | 取得処理開始 | ユーザーID : Ejimasyot@09
[2026-01-08 09:28:52] ユーザー権限取得 | 取得処理終了 | ユーザーID : Ejimasyot@09
[2026-01-08 09:28:54] スケジュール設定 | 一覧取得処理開始 | ユーザーID : Ejimasyot@09
[2026-01-08 09:28:54] スケジュール設定 | 一覧取得処理終了 | ユーザーID : Ejimasyot@09
[2026-01-08 09:30:42] 作品情報取得 | 取得処理開始
[2026-01-08 09:30:42] 作品情報取得 | 取得処理終了
[2026-01-08 09:30:42] ユーザー権限取得 | 取得処理開始 | ユーザーID : Ejimasyot@09
[2026-01-08 09:30:42] ユーザー権限取得 | 取得処理終了 | ユーザーID : Ejimasyot@09
[2026-01-08 09:31:24] 作品情報取得 | 取得処理開始
[2026-01-08 09:31:24] 作品情報取得 | 取得処理終了
[2026-01-08 09:31:24] ユーザー権限取得 | 取得処理開始 | ユーザーID : Ejimasyot@09
[2026-01-08 09:31:24] ユーザー権限取得 | 取得処理終了 | ユーザーID : Ejimasyot@09
[2026-01-08 09:31:24] 作品情報取得 | 取得処理開始
[2026-01-08 09:31:24] 作品情報取得 | 取得処理終了
[2026-01-08 09:31:24] 作品情報取得 | 取得処理開始
[2026-01-08 09:31:24] 作品情報取得 | 取得処理終了
[2026-01-08 09:31:24] ユーザー権限取得 | 取得処理開始 | ユーザーID : Ejimasyot@09
[2026-01-08 09:31:24] ユーザー権限取得 | 取得処理終了 | ユーザーID : Ejimasyot@09
[2026-01-08 09:31:24] 作品情報取得 | 取得処理開始
[2026-01-08 09:31:24] 作品情報取得 | 取得処理終了
[2026-01-08 09:31:24] ユーザー権限取得 | 取得処理開始 | ユーザーID : Ejimasyot@09
[2026-01-08 09:31:24] ユーザー権限取得 | 取得処理終了 | ユーザーID : Ejimasyot@09
[2026-01-08 09:31:24] 作品情報取得 | 取得処理開始
[2026-01-08 09:31:25] 作品情報取得 | 取得処理終了
[2026-01-08 09:31:25] ユーザー権限取得 | 取得処理開始 | ユーザーID : Ejimasyot@09
[2026-01-08 09:31:25] ユーザー権限取得 | 取得処理終了 | ユーザーID : Ejimasyot@09
[2026-01-08 09:34:09] 作品情報取得 | 取得処理開始
[2026-01-08 09:34:09] 作品情報取得 | 取得処理終了
[2026-01-08 09:34:09] ユーザー権限取得 | 取得処理開始 | ユーザーID : Ejimasyot@09
[2026-01-08 09:34:09] ユーザー権限取得 | 取得処理終了 | ユーザーID : Ejimasyot@09
[2026-01-08 09:35:45] 作品情報取得 | 取得処理開始
[2026-01-08 09:35:45] 作品情報取得 | 取得処理終了
[2026-01-08 09:35:45] ユーザー権限取得 | 取得処理開始 | ユーザーID : Ejimasyot@09
[2026-01-08 09:35:46] ユーザー権限取得 | 取得処理終了 | ユーザーID : Ejimasyot@09
[2026-01-08 09:35:47] スケジュール設定 | 一覧取得処理開始 | ユーザーID : Ejimasyot@09
[2026-01-08 09:35:47] スケジュール設定 | 一覧取得処理終了 | ユーザーID : Ejimasyot@09
[2026-01-08 09:37:11] 作品情報取得 | 取得処理開始
[2026-01-08 09:37:11] 作品情報取得 | 取得処理終了
[2026-01-08 09:37:11] ユーザー権限取得 | 取得処理開始 | ユーザーID : Ejimasyot@09
[2026-01-08 09:37:11] ユーザー権限取得 | 取得処理終了 | ユーザーID : Ejimasyot@09
[2026-01-08 09:37:13] スケジュール設定 | 一覧取得処理開始 | ユーザーID : Ejimasyot@09
[2026-01-08 09:37:13] スケジュール設定 | 一覧取得処理終了 | ユーザーID : Ejimasyot@09
[2026-01-08 09:37:59] 作品情報取得 | 取得処理開始
[2026-01-08 09:37:59] 作品情報取得 | 取得処理終了
[2026-01-08 09:37:59] ユーザー権限取得 | 取得処理開始 | ユーザーID : Ejimasyot@09
[2026-01-08 09:37:59] ユーザー権限取得 | 取得処理終了 | ユーザーID : Ejimasyot@09
[2026-01-08 09:38:04] スケジュール設定 | 一覧取得処理開始 | ユーザーID : Ejimasyot@09
[2026-01-08 09:38:04] スケジュール設定 | 一覧取得処理終了 | ユーザーID : Ejimasyot@09
[2026-01-08 09:40:34] スケジュール設定 | 登録処理開始 | ユーザーID : Ejimasyot@09
[2026-01-08 09:40:34] スケジュール設定 | 登録処理終了 | ユーザーID : Ejimasyot@09
[2026-01-08 09:40:35] スケジュール設定 | 一覧取得処理開始 | ユーザーID : Ejimasyot@09
[2026-01-08 09:40:36] スケジュール設定 | 一覧取得処理終了 | ユーザーID : Ejimasyot@09
[2026-01-08 09:42:06] 作品情報取得 | 取得処理開始
[2026-01-08 09:42:06] 作品情報取得 | 取得処理終了
[2026-01-08 09:42:06] ユーザー権限取得 | 取得処理開始 | ユーザーID : Ejimasyot@09
[2026-01-08 09:42:06] ユーザー権限取得 | 取得処理終了 | ユーザーID : Ejimasyot@09
[2026-01-08 09:42:08] スケジュール設定 | 一覧取得処理開始 | ユーザーID : Ejimasyot@09
[2026-01-08 09:42:08] スケジュール設定 | 一覧取得処理終了 | ユーザーID : Ejimasyot@09
[2026-01-08 09:43:14] 作品情報取得 | 取得処理開始
[2026-01-08 09:43:14] 作品情報取得 | 取得処理終了
[2026-01-08 09:43:14] ユーザー権限取得 | 取得処理開始 | ユーザーID : Ejimasyot@09
[2026-01-08 09:43:14] ユーザー権限取得 | 取得処理終了 | ユーザーID : Ejimasyot@09
[2026-01-08 09:43:16] スケジュール設定 | 一覧取得処理開始 | ユーザーID : Ejimasyot@09
[2026-01-08 09:43:16] スケジュール設定 | 一覧取得処理終了 | ユーザーID : Ejimasyot@09
[2026-01-08 09:43:32] スケジュール設定 | 登録処理開始 | ユーザーID : Ejimasyot@09
[2026-01-08 09:43:32] スケジュール設定 | 登録処理終了 | ユーザーID : Ejimasyot@09
[2026-01-08 09:43:33] スケジュール設定 | 一覧取得処理開始 | ユーザーID : Ejimasyot@09
[2026-01-08 09:43:33] スケジュール設定 | 一覧取得処理終了 | ユーザーID : Ejimasyot@09
[2026-01-08 09:43:39] スケジュール設定 | 一覧取得処理開始 | ユーザーID : Ejimasyot@09
[2026-01-08 09:43:39] スケジュール設定 | 一覧取得処理終了 | ユーザーID : Ejimasyot@09
[2026-01-08 09:43:44] 作品情報取得 | 取得処理開始
[2026-01-08 09:43:44] 作品情報取得 | 取得処理終了
[2026-01-08 09:43:44] ユーザー権限取得 | 取得処理開始 | ユーザーID : Ejimasyot@09
[2026-01-08 09:43:44] ユーザー権限取得 | 取得処理終了 | ユーザーID : Ejimasyot@09
[2026-01-08 09:43:46] スケジュール設定 | 一覧取得処理開始 | ユーザーID : Ejimasyot@09
[2026-01-08 09:43:46] スケジュール設定 | 一覧取得処理終了 | ユーザーID : Ejimasyot@09
[2026-01-08 09:44:14] 作品情報取得 | 取得処理開始
[2026-01-08 09:44:14] 作品情報取得 | 取得処理終了
[2026-01-08 09:44:14] ユーザー権限取得 | 取得処理開始 | ユーザーID : Ejimasyot@09
[2026-01-08 09:44:14] ユーザー権限取得 | 取得処理終了 | ユーザーID : Ejimasyot@09
[2026-01-08 09:44:16] スケジュール設定 | 一覧取得処理開始 | ユーザーID : Ejimasyot@09
[2026-01-08 09:44:16] スケジュール設定 | 一覧取得処理終了 | ユーザーID : Ejimasyot@09
[2026-01-08 09:44:35] 作品情報取得 | 取得処理開始
[2026-01-08 09:44:35] 作品情報取得 | 取得処理終了
[2026-01-08 09:44:35] ユーザー権限取得 | 取得処理開始 | ユーザーID : Ejimasyot@09
[2026-01-08 09:44:35] ユーザー権限取得 | 取得処理終了 | ユーザーID : Ejimasyot@09
[2026-01-08 09:44:36] 作品情報取得 | 取得処理開始
[2026-01-08 09:44:36] 作品情報取得 | 取得処理終了
[2026-01-08 09:44:36] 作品情報取得 | 取得処理開始
[2026-01-08 09:44:36] 作品情報取得 | 取得処理終了
[2026-01-08 09:44:36] 作品情報取得 | 取得処理開始
[2026-01-08 09:44:36] 作品情報取得 | 取得処理終了
[2026-01-08 09:44:36] ユーザー権限取得 | 取得処理開始 | ユーザーID : Ejimasyot@09
[2026-01-08 09:44:36] ユーザー権限取得 | 取得処理終了 | ユーザーID : Ejimasyot@09
[2026-01-08 09:44:38] スケジュール設定 | 一覧取得処理開始 | ユーザーID : Ejimasyot@09
[2026-01-08 09:44:38] スケジュール設定 | 一覧取得処理終了 | ユーザーID : Ejimasyot@09
[2026-01-08 09:44:55] スケジュール設定 | 登録処理開始 | ユーザーID : Ejimasyot@09
[2026-01-08 09:44:55] スケジュール設定 | 登録処理終了 | ユーザーID : Ejimasyot@09
[2026-01-08 09:44:55] スケジュール設定 | 一覧取得処理開始 | ユーザーID : Ejimasyot@09
[2026-01-08 09:44:56] スケジュール設定 | 一覧取得処理終了 | ユーザーID : Ejimasyot@09
[2026-01-08 09:45:44] 作品情報取得 | 取得処理開始
[2026-01-08 09:45:44] 作品情報取得 | 取得処理終了
[2026-01-08 09:45:44] ユーザー権限取得 | 取得処理開始 | ユーザーID : Ejimasyot@09
[2026-01-08 09:45:44] ユーザー権限取得 | 取得処理終了 | ユーザーID : Ejimasyot@09
[2026-01-08 09:45:46] スケジュール設定 | 一覧取得処理開始 | ユーザーID : Ejimasyot@09
[2026-01-08 09:45:46] スケジュール設定 | 一覧取得処理終了 | ユーザーID : Ejimasyot@09
[2026-01-08 09:46:14] 作品情報取得 | 取得処理開始
[2026-01-08 09:46:14] 作品情報取得 | 取得処理終了
[2026-01-08 09:46:14] ユーザー権限取得 | 取得処理開始 | ユーザーID : Ejimasyot@09
[2026-01-08 09:46:14] ユーザー権限取得 | 取得処理終了 | ユーザーID : Ejimasyot@09
[2026-01-08 09:46:14] 作品情報取得 | 取得処理開始
[2026-01-08 09:46:14] 作品情報取得 | 取得処理終了
[2026-01-08 09:46:14] 作品情報取得 | 取得処理開始
[2026-01-08 09:46:14] 作品情報取得 | 取得処理終了
[2026-01-08 09:46:14] ユーザー権限取得 | 取得処理開始 | ユーザーID : Ejimasyot@09
[2026-01-08 09:46:14] ユーザー権限取得 | 取得処理終了 | ユーザーID : Ejimasyot@09
[2026-01-08 09:46:14] 作品情報取得 | 取得処理開始
[2026-01-08 09:46:15] 作品情報取得 | 取得処理終了
[2026-01-08 09:46:15] 作品情報取得 | 取得処理開始
[2026-01-08 09:46:15] 作品情報取得 | 取得処理終了
[2026-01-08 09:46:15] 作品情報取得 | 取得処理開始
[2026-01-08 09:46:15] 作品情報取得 | 取得処理終了
[2026-01-08 09:46:15] ユーザー権限取得 | 取得処理開始 | ユーザーID : Ejimasyot@09
[2026-01-08 09:46:15] ユーザー権限取得 | 取得処理終了 | ユーザーID : Ejimasyot@09
[2026-01-08 09:46:17] スケジュール設定 | 一覧取得処理開始 | ユーザーID : Ejimasyot@09
[2026-01-08 09:46:17] スケジュール設定 | 一覧取得処理終了 | ユーザーID : Ejimasyot@09
[2026-01-08 09:47:03] 作品情報取得 | 取得処理開始
[2026-01-08 09:47:03] 作品情報取得 | 取得処理終了
[2026-01-08 09:47:03] ユーザー権限取得 | 取得処理開始 | ユーザーID : Ejimasyot@09
[2026-01-08 09:47:03] ユーザー権限取得 | 取得処理終了 | ユーザーID : Ejimasyot@09
[2026-01-08 09:47:04] スケジュール設定 | 一覧取得処理開始 | ユーザーID : Ejimasyot@09
[2026-01-08 09:47:04] スケジュール設定 | 一覧取得処理終了 | ユーザーID : Ejimasyot@09
[2026-01-08 09:47:37] 作品情報取得 | 取得処理開始
[2026-01-08 09:47:37] 作品情報取得 | 取得処理終了
[2026-01-08 09:47:37] ユーザー権限取得 | 取得処理開始 | ユーザーID : Ejimasyot@09
[2026-01-08 09:47:37] ユーザー権限取得 | 取得処理終了 | ユーザーID : Ejimasyot@09
[2026-01-08 09:47:39] スケジュール設定 | 一覧取得処理開始 | ユーザーID : Ejimasyot@09
[2026-01-08 09:47:39] スケジュール設定 | 一覧取得処理終了 | ユーザーID : Ejimasyot@09
[2026-01-08 09:47:42] スケジュール設定 | 削除処理開始 | ユーザーID : Ejimasyot@09
[2026-01-08 09:47:42] スケジュール設定 | 削除処理終了 | ユーザーID : Ejimasyot@09
[2026-01-08 09:47:43] スケジュール設定 | 一覧取得処理開始 | ユーザーID : Ejimasyot@09
[2026-01-08 09:47:43] スケジュール設定 | 一覧取得処理終了 | ユーザーID : Ejimasyot@09
[2026-01-08 09:48:05] スケジュール設定 | 登録処理開始 | ユーザーID : Ejimasyot@09
[2026-01-08 09:48:05] スケジュール設定 | 登録処理終了 | ユーザーID : Ejimasyot@09
[2026-01-08 09:48:06] スケジュール設定 | 一覧取得処理開始 | ユーザーID : Ejimasyot@09
[2026-01-08 09:48:06] スケジュール設定 | 一覧取得処理終了 | ユーザーID : Ejimasyot@09
[2026-01-08 09:48:20] スケジュール設定 | 登録処理開始 | ユーザーID : Ejimasyot@09
[2026-01-08 09:48:20] スケジュール設定 | 登録処理終了 | ユーザーID : Ejimasyot@09
[2026-01-08 09:48:21] スケジュール設定 | 一覧取得処理開始 | ユーザーID : Ejimasyot@09
[2026-01-08 09:48:21] スケジュール設定 | 一覧取得処理終了 | ユーザーID : Ejimasyot@09
[2026-01-08 09:48:25] スケジュール設定 | 削除処理開始 | ユーザーID : Ejimasyot@09
[2026-01-08 09:48:25] スケジュール設定 | 削除処理終了 | ユーザーID : Ejimasyot@09
[2026-01-08 09:48:26] スケジュール設定 | 一覧取得処理開始 | ユーザーID : Ejimasyot@09
[2026-01-08 09:48:26] スケジュール設定 | 一覧取得処理終了 | ユーザーID : Ejimasyot@09
[2026-01-08 09:48:29] スケジュール設定 | 削除処理開始 | ユーザーID : Ejimasyot@09
[2026-01-08 09:48:29] スケジュール設定 | 削除処理終了 | ユーザーID : Ejimasyot@09
[2026-01-08 09:48:30] スケジュール設定 | 一覧取得処理開始 | ユーザーID : Ejimasyot@09
[2026-01-08 09:48:30] スケジュール設定 | 一覧取得処理終了 | ユーザーID : Ejimasyot@09
[2026-01-08 09:50:02] 作品情報取得 | 取得処理開始
[2026-01-08 09:50:02] 作品情報取得 | 取得処理終了
[2026-01-08 09:50:02] ユーザー権限取得 | 取得処理開始 | ユーザーID : Ejimasyot@09
[2026-01-08 09:50:02] ユーザー権限取得 | 取得処理終了 | ユーザーID : Ejimasyot@09
[2026-01-08 09:51:11] 作品情報取得 | 取得処理開始
[2026-01-08 09:51:11] 作品情報取得 | 取得処理終了
[2026-01-08 09:51:11] ユーザー権限取得 | 取得処理開始 | ユーザーID : Ejimasyot@09
[2026-01-08 09:51:11] ユーザー権限取得 | 取得処理終了 | ユーザーID : Ejimasyot@09
[2026-01-08 09:51:12] スケジュール設定 | 一覧取得処理開始 | ユーザーID : Ejimasyot@09
[2026-01-08 09:51:12] スケジュール設定 | 一覧取得処理終了 | ユーザーID : Ejimasyot@09
[2026-01-08 09:51:24] 作品情報取得 | 取得処理開始
[2026-01-08 09:51:24] 作品情報取得 | 取得処理終了
[2026-01-08 09:51:24] ユーザー権限取得 | 取得処理開始 | ユーザーID : Ejimasyot@09
[2026-01-08 09:51:24] ユーザー権限取得 | 取得処理終了 | ユーザーID : Ejimasyot@09
[2026-01-08 09:51:26] 作品情報取得 | 取得処理開始
[2026-01-08 09:51:26] 作品情報取得 | 取得処理終了
[2026-01-08 09:51:26] ユーザー権限取得 | 取得処理開始 | ユーザーID : Ejimasyot@09
[2026-01-08 09:51:26] ユーザー権限取得 | 取得処理終了 | ユーザーID : Ejimasyot@09
[2026-01-08 09:51:27] スケジュール設定 | 一覧取得処理開始 | ユーザーID : Ejimasyot@09
[2026-01-08 09:51:27] スケジュール設定 | 一覧取得処理終了 | ユーザーID : Ejimasyot@09
[2026-01-08 09:53:27] 作品情報取得 | 取得処理開始
[2026-01-08 09:53:27] 作品情報取得 | 取得処理終了
[2026-01-08 09:53:27] ユーザー権限取得 | 取得処理開始 | ユーザーID : Ejimasyot@09
[2026-01-08 09:53:27] ユーザー権限取得 | 取得処理終了 | ユーザーID : Ejimasyot@09
[2026-01-08 09:53:29] スケジュール設定 | 一覧取得処理開始 | ユーザーID : Ejimasyot@09
[2026-01-08 09:53:29] スケジュール設定 | 一覧取得処理終了 | ユーザーID : Ejimasyot@09
[2026-01-08 09:53:35] 作品情報取得 | 取得処理開始
[2026-01-08 09:53:35] 作品情報取得 | 取得処理終了
[2026-01-08 09:53:35] ユーザー権限取得 | 取得処理開始 | ユーザーID : Ejimasyot@09
[2026-01-08 09:53:35] ユーザー権限取得 | 取得処理終了 | ユーザーID : Ejimasyot@09
[2026-01-08 09:53:36] スケジュール設定 | 一覧取得処理開始 | ユーザーID : Ejimasyot@09
[2026-01-08 09:53:36] スケジュール設定 | 一覧取得処理終了 | ユーザーID : Ejimasyot@09
[2026-01-08 09:54:02] 作品情報取得 | 取得処理開始
[2026-01-08 09:54:02] 作品情報取得 | 取得処理終了
[2026-01-08 09:54:02] ユーザー権限取得 | 取得処理開始 | ユーザーID : Ejimasyot@09
[2026-01-08 09:54:02] ユーザー権限取得 | 取得処理終了 | ユーザーID : Ejimasyot@09
[2026-01-08 09:54:03] 作品レビュー | 一覧取得処理開始 | ユーザーID : Ejimasyot@09
[2026-01-08 09:54:03] 作品レビュー | 一覧取得処理終了 | ユーザーID : Ejimasyot@09
[2026-01-08 09:54:42] 作品情報取得 | 取得処理開始
[2026-01-08 09:54:42] 作品情報取得 | 取得処理終了
[2026-01-08 09:54:42] ユーザー権限取得 | 取得処理開始 | ユーザーID : Ejimasyot@09
[2026-01-08 09:54:42] ユーザー権限取得 | 取得処理終了 | ユーザーID : Ejimasyot@09
[2026-01-08 09:54:42] 作品レビュー | 一覧取得処理開始 | ユーザーID : Ejimasyot@09
[2026-01-08 09:54:42] 作品レビュー | 一覧取得処理終了 | ユーザーID : Ejimasyot@09
[2026-01-08 09:56:00] 作品情報取得 | 取得処理開始
[2026-01-08 09:56:00] 作品情報取得 | 取得処理終了
[2026-01-08 09:56:00] ユーザー権限取得 | 取得処理開始 | ユーザーID : Ejimasyot@09
[2026-01-08 09:56:00] ユーザー権限取得 | 取得処理終了 | ユーザーID : Ejimasyot@09
[2026-01-08 09:56:02] 作品レビュー | 一覧取得処理開始 | ユーザーID : Ejimasyot@09
[2026-01-08 09:56:02] 作品レビュー | 一覧取得処理終了 | ユーザーID : Ejimasyot@09
[2026-01-08 09:56:09] 作品レビュー | 登録処理開始 | ユーザーID : Ejimasyot@09
[2026-01-08 09:56:09] 作品レビュー | 登録処理終了 | ユーザーID : Ejimasyot@09
[2026-01-08 09:56:10] 作品レビュー | 一覧取得処理開始 | ユーザーID : Ejimasyot@09
[2026-01-08 09:56:10] 作品レビュー | 一覧取得処理終了 | ユーザーID : Ejimasyot@09
[2026-01-08 09:57:16] 作品情報取得 | 取得処理開始
[2026-01-08 09:57:16] 作品情報取得 | 取得処理終了
[2026-01-08 09:57:16] ユーザー権限取得 | 取得処理開始 | ユーザーID : Ejimasyot@09
[2026-01-08 09:57:16] ユーザー権限取得 | 取得処理終了 | ユーザーID : Ejimasyot@09
[2026-01-08 09:57:17] 作品レビュー | 一覧取得処理開始 | ユーザーID : Ejimasyot@09
[2026-01-08 09:57:17] 作品レビュー | 一覧取得処理終了 | ユーザーID : Ejimasyot@09
[2026-01-08 09:58:15] 作品情報取得 | 取得処理開始
[2026-01-08 09:58:15] 作品情報取得 | 取得処理終了
[2026-01-08 09:58:15] ユーザー権限取得 | 取得処理開始 | ユーザーID : Ejimasyot@09
[2026-01-08 09:58:15] ユーザー権限取得 | 取得処理終了 | ユーザーID : Ejimasyot@09
[2026-01-08 09:58:18] 作品レビュー | 一覧取得処理開始 | ユーザーID : Ejimasyot@09
[2026-01-08 09:58:18] 作品レビュー | 一覧取得処理終了 | ユーザーID : Ejimasyot@09
[2026-01-08 09:59:41] 作品情報取得 | 取得処理開始
[2026-01-08 09:59:41] 作品情報取得 | 取得処理終了
[2026-01-08 09:59:41] ユーザー権限取得 | 取得処理開始 | ユーザーID : Ejimasyot@09
[2026-01-08 09:59:41] ユーザー権限取得 | 取得処理終了 | ユーザーID : Ejimasyot@09
[2026-01-08 09:59:41] 作品情報取得 | 取得処理開始
[2026-01-08 09:59:41] 作品情報取得 | 取得処理終了
[2026-01-08 09:59:41] ユーザー権限取得 | 取得処理開始 | ユーザーID : Ejimasyot@09
[2026-01-08 09:59:42] ユーザー権限取得 | 取得処理終了 | ユーザーID : Ejimasyot@09
[2026-01-08 09:59:42] 作品情報取得 | 取得処理開始
[2026-01-08 09:59:42] 作品情報取得 | 取得処理終了
[2026-01-08 09:59:42] ユーザー権限取得 | 取得処理開始 | ユーザーID : Ejimasyot@09
[2026-01-08 09:59:42] ユーザー権限取得 | 取得処理終了 | ユーザーID : Ejimasyot@09
[2026-01-08 09:59:42] 作品情報取得 | 取得処理開始
[2026-01-08 09:59:42] 作品情報取得 | 取得処理終了
[2026-01-08 09:59:42] ユーザー権限取得 | 取得処理開始 | ユーザーID : Ejimasyot@09
[2026-01-08 09:59:42] ユーザー権限取得 | 取得処理終了 | ユーザーID : Ejimasyot@09
[2026-01-08 09:59:42] 作品情報取得 | 取得処理開始
[2026-01-08 09:59:42] 作品情報取得 | 取得処理終了
[2026-01-08 09:59:42] ユーザー権限取得 | 取得処理開始 | ユーザーID : Ejimasyot@09
[2026-01-08 09:59:42] ユーザー権限取得 | 取得処理終了 | ユーザーID : Ejimasyot@09
[2026-01-08 09:59:44] 作品レビュー | 一覧取得処理開始 | ユーザーID : Ejimasyot@09
[2026-01-08 09:59:44] 作品レビュー | 一覧取得処理終了 | ユーザーID : Ejimasyot@09
