[2026-01-07 17:40:54] ログイン | ログイン処理開始 | ユーザーID : Ejimasyot@09
[2026-01-07 17:40:54] ログイン | ログイン処理終了 | ユーザーID : Ejimasyot@09
[2026-01-07 17:40:54] 参加中プロジェクト一覧 | 取得処理開始 | ユーザーID : Ejimasyot@09
[2026-01-07 17:40:54] 参加中プロジェクト一覧 | 取得処理終了 | ユーザーID : Ejimasyot@09
[2026-01-07 17:41:14] 作品情報取得 | 取得処理開始
[2026-01-07 17:41:14] 作品情報取得 | 取得処理終了
[2026-01-07 17:41:14] ユーザー権限取得 | 取得処理開始 | ユーザーID : Ejimasyot@09
[2026-01-07 17:41:14] ユーザー権限取得 | 取得処理終了 | ユーザーID : Ejimasyot@09
[2026-01-07 17:42:16] 作品情報取得 | 取得処理開始
[2026-01-07 17:42:16] 作品情報取得 | 取得処理終了
[2026-01-07 17:42:16] ユーザー権限取得 | 取得処理開始 | ユーザーID : Ejimasyot@09
[2026-01-07 17:42:16] ユーザー権限取得 | 取得処理終了 | ユーザーID : Ejimasyot@09
[2026-01-07 17:43:19] 作品情報取得 | 取得処理開始
[2026-01-07 17:43:19] 作品情報取得 | 取得処理終了
[2026-01-07 17:43:19] ユーザー権限取得 | 取得処理開始 | ユーザーID : Ejimasyot@09
[2026-01-07 17:43:19] ユーザー権限取得 | 取得処理終了 | ユーザーID : Ejimasyot@09
[2026-01-07 17:45:07] 作品情報取得 | 取得処理開始
[2026-01-07 17:45:07] 作品情報取得 | 取得処理終了
[2026-01-07 17:45:11] ユーザー権限取得 | 取得処理開始 | ユーザーID : Ejimasyot@09
[2026-01-07 17:45:11] ユーザー権限取得 | 取得処理終了 | ユーザーID : Ejimasyot@09
[2026-01-07 17:45:11] 参加中プロジェクト一覧 | 取得処理開始 | ユーザーID : Ejimasyot@09
[2026-01-07 17:45:11] 参加中プロジェクト一覧 | 取得処理終了 | ユーザーID : Ejimasyot@09
[2026-01-07 17:45:27] 参加中プロジェクト一覧 | 取得処理開始 | ユーザーID : Ejimasyot@09
[2026-01-07 17:45:28] 参加中プロジェクト一覧 | 取得処理終了 | ユーザーID : Ejimasyot@09
[2026-01-07 17:45:31] 作品情報取得 | 取得処理開始
[2026-01-07 17:45:31] 作品情報取得 | 取得処理終了
[2026-01-07 17:45:31] ユーザー権限取得 | 取得処理開始 | ユーザーID : Ejimasyot@09
[2026-01-07 17:45:31] ユーザー権限取得 | 取得処理終了 | ユーザーID : Ejimasyot@09
[2026-01-07 17:45:45] 参加中プロジェクト一覧 | 取得処理開始 | ユーザーID : Ejimasyot@09
[2026-01-07 17:45:45] 参加中プロジェクト一覧 | 取得処理終了 | ユーザーID : Ejimasyot@09
[2026-01-07 17:45:51] 作品情報取得 | 取得処理開始
[2026-01-07 17:45:51] 作品情報取得 | 取得処理終了
[2026-01-07 17:45:51] ユーザー権限取得 | 取得処理開始 | ユーザーID : Ejimasyot@09
[2026-01-07 17:45:51] ユーザー権限取得 | 取得処理終了 | ユーザーID : Ejimasyot@09
[2026-01-07 17:47:55] 作品情報取得 | 取得処理開始
[2026-01-07 17:47:55] 作品情報取得 | 取得処理終了
[2026-01-07 17:47:55] ユーザー権限取得 | 取得処理開始 | ユーザーID : Ejimasyot@09
[2026-01-07 17:47:55] ユーザー権限取得 | 取得処理終了 | ユーザーID : Ejimasyot@09
[2026-01-07 17:48:48] 作品情報取得 | 取得処理開始
[2026-01-07 17:48:48] 作品情報取得 | 取得処理終了
[2026-01-07 17:48:48] ユーザー権限取得 | 取得処理開始 | ユーザーID : Ejimasyot@09
[2026-01-07 17:48:48] ユーザー権限取得 | 取得処理終了 | ユーザーID : Ejimasyot@09
[2026-01-07 17:51:50] 作品情報取得 | 取得処理開始
[2026-01-07 17:51:50] 作品情報取得 | 取得処理終了
[2026-01-07 17:51:50] ユーザー権限取得 | 取得処理開始 | ユーザーID : Ejimasyot@09
[2026-01-07 17:51:50] ユーザー権限取得 | 取得処理終了 | ユーザーID : Ejimasyot@09
[2026-01-07 17:54:44] 参加中プロジェクト一覧 | 取得処理開始 | ユーザーID : Ejimasyot@09
[2026-01-07 17:54:44] 参加中プロジェクト一覧 | 取得処理終了 | ユーザーID : Ejimasyot@09
[2026-01-07 17:55:01] 作品情報取得 | 取得処理開始
[2026-01-07 17:55:01] 作品情報取得 | 取得処理終了
[2026-01-07 17:55:01] ユーザー権限取得 | 取得処理開始 | ユーザーID : Ejimasyot@09
[2026-01-07 17:55:01] ユーザー権限取得 | 取得処理終了 | ユーザーID : Ejimasyot@09
[2026-01-07 17:55:10] 参加中プロジェクト一覧 | 取得処理開始 | ユーザーID : Ejimasyot@09
[2026-01-07 17:55:10] 参加中プロジェクト一覧 | 取得処理終了 | ユーザーID : Ejimasyot@09
[2026-01-07 17:55:25] フィードバック投稿 | 投稿処理開始 | ユーザーID : Ejimasyot@09
[2026-01-07 17:55:25] フィードバック投稿 | 投稿処理終了 | ユーザーID : Ejimasyot@09
[2026-01-07 17:55:27] フィードバック一覧 | 取得処理開始
[2026-01-07 17:55:27] フィードバック一覧 | 取得処理終了
