[2026-01-09 08:54:08] ログイン | ログイン処理開始 | ユーザーID : Ejimasyot@09
[2026-01-09 08:54:08] ログイン | ログイン処理終了 | ユーザーID : Ejimasyot@09
[2026-01-09 08:54:08] 参加中プロジェクト一覧 | 取得処理開始 | ユーザーID : Ejimasyot@09
[2026-01-09 08:54:08] 参加中プロジェクト一覧 | 取得処理終了 | ユーザーID : Ejimasyot@09
[2026-01-09 08:54:11] 管理者一覧 | 取得処理開始
[2026-01-09 08:54:11] 管理者一覧 | 取得処理終了
[2026-01-09 08:54:13] 会員一覧 | 取得処理開始
[2026-01-09 08:54:13] 会員一覧 | 取得処理終了
[2026-01-09 08:54:16] アカウントロック更新 | 更新処理開始 | ユーザーID : Ejimasyot@09
[2026-01-09 08:54:16] アカウントロック更新 | 更新処理終了（ロック） | ユーザーID : Ejimasyot@09
[2026-01-09 08:54:17] 会員一覧 | 取得処理開始
[2026-01-09 08:54:17] 会員一覧 | 取得処理終了
[2026-01-09 08:54:20] アカウントロック更新 | 更新処理開始 | ユーザーID : Ejimasyot@09
[2026-01-09 08:54:20] アカウントロック更新 | 更新処理終了（復旧） | ユーザーID : Ejimasyot@09
[2026-01-09 08:54:22] 会員一覧 | 取得処理開始
[2026-01-09 08:54:22] 会員一覧 | 取得処理終了
[2026-01-09 08:54:26] 参加中プロジェクト一覧 | 取得処理開始 | ユーザーID : Ejimasyot@09
[2026-01-09 08:54:26] 参加中プロジェクト一覧 | 取得処理終了 | ユーザーID : Ejimasyot@09
[2026-01-09 08:54:27] 作品情報取得 | 取得処理開始
[2026-01-09 08:54:27] 作品情報取得 | 取得処理終了
[2026-01-09 08:54:27] ユーザー権限取得 | 取得処理開始 | ユーザーID : Ejimasyot@09
[2026-01-09 08:54:27] ユーザー権限取得 | 取得処理終了 | ユーザーID : Ejimasyot@09
[2026-01-09 08:54:30] 組織設定 | 一覧取得処理開始
[2026-01-09 08:54:30] 階級設定 | 一覧取得処理開始
[2026-01-09 08:54:30] チーム設定 | 一覧取得処理開始
[2026-01-09 08:54:30] キャラ設定 | 一覧取得処理開始
[2026-01-09 08:54:30] 組織設定 | 一覧取得処理終了
[2026-01-09 08:54:30] チーム設定 | 一覧取得処理終了
[2026-01-09 08:54:30] 階級設定 | 一覧取得処理終了
[2026-01-09 08:54:30] キャラ設定 | 一覧取得処理終了
[2026-01-09 08:54:34] ストーリー作成 | 一覧取得処理開始
[2026-01-09 08:54:34] ストーリー作成 | 一覧取得処理終了
[2026-01-09 08:54:42] ストーリー作成 | 削除処理開始 | ユーザーID : Ejimasyot@09
[2026-01-09 08:54:42] ストーリー作成 | 削除処理終了 | ユーザーID : Ejimasyot@09
[2026-01-09 08:54:43] ストーリー作成 | 一覧取得処理開始
[2026-01-09 08:54:43] ストーリー作成 | 一覧取得処理終了
[2026-01-09 08:54:44] ストーリー作成 | 一覧取得処理開始
[2026-01-09 08:54:44] ストーリー作成 | 一覧取得処理終了
[2026-01-09 08:54:45] プロット作成 | 一覧取得処理開始
[2026-01-09 08:54:45] プロット作成 | 一覧取得処理終了
[2026-01-09 08:54:49] プロット作成 | 削除処理開始 | ユーザーID : Ejimasyot@09
[2026-01-09 08:54:55] 作品レビュー | 一覧取得処理開始 | ユーザーID : Ejimasyot@09
[2026-01-09 08:54:55] 作品レビュー | 一覧取得処理終了 | ユーザーID : Ejimasyot@09
[2026-01-09 08:54:59] スケジュール設定 | 一覧取得処理開始 | ユーザーID : Ejimasyot@09
[2026-01-09 08:54:59] スケジュール設定 | 一覧取得処理終了 | ユーザーID : Ejimasyot@09
[2026-01-09 08:55:01] 参加者一覧 | 一覧取得処理開始 | ユーザーID : Ejimasyot@09
[2026-01-09 08:55:01] 参加者一覧 | 一覧取得処理終了 | ユーザーID : Ejimasyot@09
[2026-01-09 08:55:05] 参加者一覧 | 更新処理開始 | ユーザーID : Ejimasyot@09
[2026-01-09 08:55:07] 作品情報取得 | 取得処理開始
[2026-01-09 08:55:07] 作品情報取得 | 取得処理終了
[2026-01-09 08:55:07] ユーザー権限取得 | 取得処理開始 | ユーザーID : Ejimasyot@09
[2026-01-09 08:55:07] ユーザー権限取得 | 取得処理終了 | ユーザーID : Ejimasyot@09
